2025-07-20 17:35:09.670 [info] Extension host with pid 716605 started
2025-07-20 17:35:09.670 [info] Skipping acquiring lock for /home/slim/.config/Code - OSS/User/workspaceStorage/1cb98c046192767408147e466459d340.
2025-07-20 17:35:09.904 [info] ExtensionService#_doActivateExtension vscode.emmet, startup: false, activationEvent: 'onLanguage'
2025-07-20 17:35:09.987 [info] ExtensionService#_doActivateExtension vscode.git-base, startup: true, activationEvent: '*', root cause: vscode.git
2025-07-20 17:35:09.997 [info] ExtensionService#_doActivateExtension vscode.git, startup: true, activationEvent: '*'
2025-07-20 17:35:10.046 [info] ExtensionService#_doActivateExtension vscode.github, startup: true, activationEvent: '*'
2025-07-20 17:35:10.204 [info] Eager extensions activated
2025-07-20 17:35:10.248 [info] ExtensionService#_doActivateExtension vscode.debug-auto-launch, startup: false, activationEvent: 'onStartupFinished'
2025-07-20 17:35:10.251 [info] ExtensionService#_doActivateExtension vscode.merge-conflict, startup: false, activationEvent: 'onStartupFinished'
2025-07-20 17:35:11.306 [info] ExtensionService#_doActivateExtension vscode.github-authentication, startup: false, activationEvent: 'onAuthenticationRequest:github'
2025-07-20 17:43:42.166 [warning] [Decorations] CAPPING events from decorations provider vscode.git 10000
2025-07-20 17:43:45.819 [warning] [Decorations] CAPPING events from decorations provider vscode.git 10000
2025-07-20 18:24:09.792 [info] Extension host terminating: renderer closed the MessagePort
2025-07-20 18:24:09.818 [info] Extension host with pid 716605 exiting with code 0
2025-07-20 18:24:11.521 [info] Extension host with pid 1020095 started
2025-07-20 18:24:11.521 [info] Skipping acquiring lock for /home/slim/.config/Code - OSS/User/workspaceStorage/e94271b069e8cf8b191c67f9e0606056.
2025-07-20 18:24:11.609 [info] ExtensionService#_doActivateExtension vscode.git-base, startup: true, activationEvent: '*', root cause: vscode.git
2025-07-20 18:24:11.664 [info] ExtensionService#_doActivateExtension vscode.git, startup: true, activationEvent: '*'
2025-07-20 18:24:11.714 [info] ExtensionService#_doActivateExtension vscode.github, startup: true, activationEvent: '*'
2025-07-20 18:24:11.822 [info] ExtensionService#_doActivateExtension vscode.emmet, startup: false, activationEvent: 'onLanguage'
2025-07-20 18:24:11.868 [info] Eager extensions activated
2025-07-20 18:24:11.881 [info] ExtensionService#_doActivateExtension vscode.debug-auto-launch, startup: false, activationEvent: 'onStartupFinished'
2025-07-20 18:24:11.883 [info] ExtensionService#_doActivateExtension vscode.merge-conflict, startup: false, activationEvent: 'onStartupFinished'
2025-07-20 18:24:12.892 [info] ExtensionService#_doActivateExtension vscode.github-authentication, startup: false, activationEvent: 'onAuthenticationRequest:github'
2025-07-20 20:30:28.365 [info] Extension host terminating: renderer closed the MessagePort
2025-07-20 20:30:28.373 [info] Extension host with pid 1020095 exiting with code 0
