2025-07-24 11:04:40.647 [info] Reading sessions from keychain...
2025-07-24 11:04:40.647 [info] Getting sessions for all scopes...
2025-07-24 11:04:40.647 [info] Got 0 sessions for ...
2025-07-24 11:04:40.647 [info] Getting sessions for all scopes...
2025-07-24 11:04:40.647 [info] Got 0 sessions for ...
2025-07-24 11:04:40.647 [info] Getting sessions for all scopes...
2025-07-24 11:04:40.647 [info] Got 0 sessions for ...
2025-07-24 11:04:40.647 [info] Getting sessions for all scopes...
2025-07-24 11:04:40.647 [info] Got 0 sessions for ...
2025-07-24 11:04:40.647 [info] Getting sessions for all scopes...
2025-07-24 11:04:40.647 [info] Got 0 sessions for ...
2025-07-24 11:04:40.647 [info] Getting sessions for read:user,repo,user:email,workflow...
2025-07-24 11:04:40.647 [info] Got 0 sessions for read:user,repo,user:email,workflow...
2025-07-24 11:04:40.647 [info] Getting sessions for read:user,repo,user:email,workflow...
2025-07-24 11:04:40.647 [info] Got 0 sessions for read:user,repo,user:email,workflow...
2025-07-24 11:04:43.084 [info] Getting sessions for read:user,repo,user:email,workflow...
2025-07-24 11:04:43.084 [info] Got 0 sessions for read:user,repo,user:email,workflow...
2025-07-24 11:04:43.328 [info] Getting sessions for read:user,repo,user:email,workflow...
2025-07-24 11:04:43.328 [info] Got 0 sessions for read:user,repo,user:email,workflow...
2025-07-24 11:26:18.359 [info] Getting sessions for read:user,repo,user:email,workflow...
2025-07-24 11:26:18.359 [info] Got 0 sessions for read:user,repo,user:email,workflow...
2025-07-24 11:26:18.463 [info] Getting sessions for read:user,repo,user:email,workflow...
2025-07-24 11:26:18.463 [info] Got 0 sessions for read:user,repo,user:email,workflow...
2025-07-24 11:26:18.579 [info] Getting sessions for read:user,repo,user:email,workflow...
2025-07-24 11:26:18.579 [info] Got 0 sessions for read:user,repo,user:email,workflow...
2025-07-24 11:26:18.678 [info] Getting sessions for read:user,repo,user:email,workflow...
2025-07-24 11:26:18.678 [info] Got 0 sessions for read:user,repo,user:email,workflow...
2025-07-24 11:26:18.849 [info] Getting sessions for read:user,repo,user:email,workflow...
2025-07-24 11:26:18.849 [info] Got 0 sessions for read:user,repo,user:email,workflow...
2025-07-24 11:26:18.953 [info] Getting sessions for read:user,repo,user:email,workflow...
2025-07-24 11:26:18.953 [info] Got 0 sessions for read:user,repo,user:email,workflow...
2025-07-24 11:26:19.092 [info] Getting sessions for read:user,repo,user:email,workflow...
2025-07-24 11:26:19.092 [info] Got 0 sessions for read:user,repo,user:email,workflow...
2025-07-24 11:26:19.215 [info] Getting sessions for read:user,repo,user:email,workflow...
2025-07-24 11:26:19.215 [info] Got 0 sessions for read:user,repo,user:email,workflow...
2025-07-24 11:26:19.334 [info] Getting sessions for read:user,repo,user:email,workflow...
2025-07-24 11:26:19.334 [info] Got 0 sessions for read:user,repo,user:email,workflow...
2025-07-24 11:26:19.514 [info] Getting sessions for read:user,repo,user:email,workflow...
2025-07-24 11:26:19.514 [info] Got 0 sessions for read:user,repo,user:email,workflow...
2025-07-24 11:26:19.653 [info] Getting sessions for read:user,repo,user:email,workflow...
2025-07-24 11:26:19.653 [info] Got 0 sessions for read:user,repo,user:email,workflow...
2025-07-24 11:26:19.782 [info] Getting sessions for read:user,repo,user:email,workflow...
2025-07-24 11:26:19.782 [info] Got 0 sessions for read:user,repo,user:email,workflow...
2025-07-24 11:26:19.931 [info] Getting sessions for read:user,repo,user:email,workflow...
2025-07-24 11:26:19.931 [info] Got 0 sessions for read:user,repo,user:email,workflow...
2025-07-24 11:26:20.049 [info] Getting sessions for read:user,repo,user:email,workflow...
2025-07-24 11:26:20.049 [info] Got 0 sessions for read:user,repo,user:email,workflow...
2025-07-24 11:26:20.180 [info] Getting sessions for read:user,repo,user:email,workflow...
2025-07-24 11:26:20.180 [info] Got 0 sessions for read:user,repo,user:email,workflow...
2025-07-24 11:26:20.307 [info] Getting sessions for read:user,repo,user:email,workflow...
2025-07-24 11:26:20.307 [info] Got 0 sessions for read:user,repo,user:email,workflow...
2025-07-24 11:26:20.430 [info] Getting sessions for read:user,repo,user:email,workflow...
2025-07-24 11:26:20.430 [info] Got 0 sessions for read:user,repo,user:email,workflow...
2025-07-24 11:26:20.532 [info] Getting sessions for read:user,repo,user:email,workflow...
2025-07-24 11:26:20.532 [info] Got 0 sessions for read:user,repo,user:email,workflow...
2025-07-24 11:26:20.643 [info] Getting sessions for read:user,repo,user:email,workflow...
2025-07-24 11:26:20.643 [info] Got 0 sessions for read:user,repo,user:email,workflow...
2025-07-24 11:26:20.789 [info] Getting sessions for read:user,repo,user:email,workflow...
2025-07-24 11:26:20.789 [info] Got 0 sessions for read:user,repo,user:email,workflow...
2025-07-24 11:26:20.931 [info] Getting sessions for read:user,repo,user:email,workflow...
2025-07-24 11:26:20.931 [info] Got 0 sessions for read:user,repo,user:email,workflow...
2025-07-24 11:26:21.050 [info] Getting sessions for read:user,repo,user:email,workflow...
2025-07-24 11:26:21.050 [info] Got 0 sessions for read:user,repo,user:email,workflow...
2025-07-24 11:26:21.148 [info] Getting sessions for read:user,repo,user:email,workflow...
2025-07-24 11:26:21.148 [info] Got 0 sessions for read:user,repo,user:email,workflow...
2025-07-24 11:26:21.247 [info] Getting sessions for read:user,repo,user:email,workflow...
2025-07-24 11:26:21.247 [info] Got 0 sessions for read:user,repo,user:email,workflow...
2025-07-24 11:26:21.345 [info] Getting sessions for read:user,repo,user:email,workflow...
2025-07-24 11:26:21.345 [info] Got 0 sessions for read:user,repo,user:email,workflow...
2025-07-24 11:26:21.440 [info] Getting sessions for read:user,repo,user:email,workflow...
2025-07-24 11:26:21.440 [info] Got 0 sessions for read:user,repo,user:email,workflow...
2025-07-24 11:26:21.580 [info] Getting sessions for read:user,repo,user:email,workflow...
2025-07-24 11:26:21.580 [info] Got 0 sessions for read:user,repo,user:email,workflow...
2025-07-24 11:26:21.681 [info] Getting sessions for read:user,repo,user:email,workflow...
2025-07-24 11:26:21.681 [info] Got 0 sessions for read:user,repo,user:email,workflow...
2025-07-24 11:26:21.783 [info] Getting sessions for read:user,repo,user:email,workflow...
2025-07-24 11:26:21.783 [info] Got 0 sessions for read:user,repo,user:email,workflow...
2025-07-24 11:26:21.943 [info] Getting sessions for read:user,repo,user:email,workflow...
2025-07-24 11:26:21.943 [info] Got 0 sessions for read:user,repo,user:email,workflow...
2025-07-24 11:26:22.104 [info] Getting sessions for read:user,repo,user:email,workflow...
2025-07-24 11:26:22.104 [info] Got 0 sessions for read:user,repo,user:email,workflow...
2025-07-24 11:26:22.250 [info] Getting sessions for read:user,repo,user:email,workflow...
2025-07-24 11:26:22.250 [info] Got 0 sessions for read:user,repo,user:email,workflow...
2025-07-24 11:26:22.415 [info] Getting sessions for read:user,repo,user:email,workflow...
2025-07-24 11:26:22.415 [info] Got 0 sessions for read:user,repo,user:email,workflow...
2025-07-24 11:26:22.550 [info] Getting sessions for read:user,repo,user:email,workflow...
2025-07-24 11:26:22.550 [info] Got 0 sessions for read:user,repo,user:email,workflow...
2025-07-24 11:26:22.682 [info] Getting sessions for read:user,repo,user:email,workflow...
2025-07-24 11:26:22.682 [info] Got 0 sessions for read:user,repo,user:email,workflow...
2025-07-24 11:26:22.790 [info] Getting sessions for read:user,repo,user:email,workflow...
2025-07-24 11:26:22.790 [info] Got 0 sessions for read:user,repo,user:email,workflow...
2025-07-24 11:26:22.928 [info] Getting sessions for read:user,repo,user:email,workflow...
2025-07-24 11:26:22.928 [info] Got 0 sessions for read:user,repo,user:email,workflow...
2025-07-24 11:26:23.108 [info] Getting sessions for read:user,repo,user:email,workflow...
2025-07-24 11:26:23.108 [info] Got 0 sessions for read:user,repo,user:email,workflow...
2025-07-24 11:26:23.256 [info] Getting sessions for read:user,repo,user:email,workflow...
2025-07-24 11:26:23.256 [info] Got 0 sessions for read:user,repo,user:email,workflow...
2025-07-24 11:26:23.419 [info] Getting sessions for read:user,repo,user:email,workflow...
2025-07-24 11:26:23.419 [info] Got 0 sessions for read:user,repo,user:email,workflow...
2025-07-24 11:26:23.576 [info] Getting sessions for read:user,repo,user:email,workflow...
2025-07-24 11:26:23.576 [info] Got 0 sessions for read:user,repo,user:email,workflow...
2025-07-24 11:26:23.729 [info] Getting sessions for read:user,repo,user:email,workflow...
2025-07-24 11:26:23.729 [info] Got 0 sessions for read:user,repo,user:email,workflow...
2025-07-24 11:26:23.886 [info] Getting sessions for read:user,repo,user:email,workflow...
2025-07-24 11:26:23.886 [info] Got 0 sessions for read:user,repo,user:email,workflow...
2025-07-24 11:26:24.025 [info] Getting sessions for read:user,repo,user:email,workflow...
2025-07-24 11:26:24.025 [info] Got 0 sessions for read:user,repo,user:email,workflow...
2025-07-24 11:26:24.202 [info] Getting sessions for read:user,repo,user:email,workflow...
2025-07-24 11:26:24.202 [info] Got 0 sessions for read:user,repo,user:email,workflow...
2025-07-24 11:26:24.382 [info] Getting sessions for read:user,repo,user:email,workflow...
2025-07-24 11:26:24.382 [info] Got 0 sessions for read:user,repo,user:email,workflow...
2025-07-24 11:26:24.595 [info] Getting sessions for read:user,repo,user:email,workflow...
2025-07-24 11:26:24.596 [info] Got 0 sessions for read:user,repo,user:email,workflow...
2025-07-24 11:26:24.776 [info] Getting sessions for read:user,repo,user:email,workflow...
2025-07-24 11:26:24.776 [info] Got 0 sessions for read:user,repo,user:email,workflow...
2025-07-24 11:26:25.070 [info] Getting sessions for read:user,repo,user:email,workflow...
2025-07-24 11:26:25.070 [info] Got 0 sessions for read:user,repo,user:email,workflow...
2025-07-24 11:26:25.266 [info] Getting sessions for read:user,repo,user:email,workflow...
2025-07-24 11:26:25.266 [info] Got 0 sessions for read:user,repo,user:email,workflow...
2025-07-24 11:26:25.455 [info] Getting sessions for read:user,repo,user:email,workflow...
2025-07-24 11:26:25.455 [info] Got 0 sessions for read:user,repo,user:email,workflow...
2025-07-24 11:26:25.721 [info] Getting sessions for read:user,repo,user:email,workflow...
2025-07-24 11:26:25.721 [info] Got 0 sessions for read:user,repo,user:email,workflow...
2025-07-24 11:26:25.989 [info] Getting sessions for read:user,repo,user:email,workflow...
2025-07-24 11:26:25.989 [info] Got 0 sessions for read:user,repo,user:email,workflow...
2025-07-24 11:26:26.156 [info] Getting sessions for read:user,repo,user:email,workflow...
2025-07-24 11:26:26.156 [info] Got 0 sessions for read:user,repo,user:email,workflow...
2025-07-24 11:26:26.409 [info] Getting sessions for read:user,repo,user:email,workflow...
2025-07-24 11:26:26.409 [info] Got 0 sessions for read:user,repo,user:email,workflow...
2025-07-24 11:26:26.627 [info] Getting sessions for read:user,repo,user:email,workflow...
2025-07-24 11:26:26.627 [info] Got 0 sessions for read:user,repo,user:email,workflow...
2025-07-24 11:26:26.833 [info] Getting sessions for read:user,repo,user:email,workflow...
2025-07-24 11:26:26.833 [info] Got 0 sessions for read:user,repo,user:email,workflow...
2025-07-24 11:26:27.067 [info] Getting sessions for read:user,repo,user:email,workflow...
2025-07-24 11:26:27.067 [info] Got 0 sessions for read:user,repo,user:email,workflow...
2025-07-24 11:26:27.211 [info] Getting sessions for read:user,repo,user:email,workflow...
2025-07-24 11:26:27.211 [info] Got 0 sessions for read:user,repo,user:email,workflow...
2025-07-24 11:26:27.212 [info] Getting sessions for read:user,repo,user:email,workflow...
2025-07-24 11:26:27.212 [info] Got 0 sessions for read:user,repo,user:email,workflow...
2025-07-24 11:26:27.213 [info] Getting sessions for read:user,repo,user:email,workflow...
2025-07-24 11:26:27.213 [info] Got 0 sessions for read:user,repo,user:email,workflow...
2025-07-24 11:26:27.214 [info] Getting sessions for read:user,repo,user:email,workflow...
2025-07-24 11:26:27.214 [info] Got 0 sessions for read:user,repo,user:email,workflow...
2025-07-24 11:26:27.215 [info] Getting sessions for read:user,repo,user:email,workflow...
2025-07-24 11:26:27.215 [info] Got 0 sessions for read:user,repo,user:email,workflow...
2025-07-24 11:26:27.216 [info] Getting sessions for read:user,repo,user:email,workflow...
2025-07-24 11:26:27.216 [info] Got 0 sessions for read:user,repo,user:email,workflow...
2025-07-24 11:26:27.216 [info] Getting sessions for read:user,repo,user:email,workflow...
2025-07-24 11:26:27.216 [info] Got 0 sessions for read:user,repo,user:email,workflow...
2025-07-24 11:26:27.217 [info] Getting sessions for read:user,repo,user:email,workflow...
2025-07-24 11:26:27.217 [info] Got 0 sessions for read:user,repo,user:email,workflow...
2025-07-24 11:26:27.218 [info] Getting sessions for read:user,repo,user:email,workflow...
2025-07-24 11:26:27.218 [info] Got 0 sessions for read:user,repo,user:email,workflow...
2025-07-24 11:26:27.219 [info] Getting sessions for read:user,repo,user:email,workflow...
2025-07-24 11:26:27.219 [info] Got 0 sessions for read:user,repo,user:email,workflow...
2025-07-24 11:26:27.220 [info] Getting sessions for read:user,repo,user:email,workflow...
2025-07-24 11:26:27.220 [info] Got 0 sessions for read:user,repo,user:email,workflow...
2025-07-24 11:26:27.221 [info] Getting sessions for read:user,repo,user:email,workflow...
2025-07-24 11:26:27.221 [info] Got 0 sessions for read:user,repo,user:email,workflow...
2025-07-24 11:26:27.222 [info] Getting sessions for read:user,repo,user:email,workflow...
2025-07-24 11:26:27.222 [info] Got 0 sessions for read:user,repo,user:email,workflow...
2025-07-24 11:26:27.223 [info] Getting sessions for read:user,repo,user:email,workflow...
2025-07-24 11:26:27.223 [info] Got 0 sessions for read:user,repo,user:email,workflow...
2025-07-24 11:26:27.224 [info] Getting sessions for read:user,repo,user:email,workflow...
2025-07-24 11:26:27.224 [info] Got 0 sessions for read:user,repo,user:email,workflow...
2025-07-24 11:26:27.224 [info] Getting sessions for read:user,repo,user:email,workflow...
2025-07-24 11:26:27.224 [info] Got 0 sessions for read:user,repo,user:email,workflow...
2025-07-24 11:26:27.225 [info] Getting sessions for read:user,repo,user:email,workflow...
2025-07-24 11:26:27.225 [info] Got 0 sessions for read:user,repo,user:email,workflow...
2025-07-24 11:26:27.226 [info] Getting sessions for read:user,repo,user:email,workflow...
2025-07-24 11:26:27.226 [info] Got 0 sessions for read:user,repo,user:email,workflow...
2025-07-24 11:26:27.227 [info] Getting sessions for read:user,repo,user:email,workflow...
2025-07-24 11:26:27.227 [info] Got 0 sessions for read:user,repo,user:email,workflow...
2025-07-24 11:26:27.228 [info] Getting sessions for read:user,repo,user:email,workflow...
2025-07-24 11:26:27.228 [info] Got 0 sessions for read:user,repo,user:email,workflow...
2025-07-24 11:26:27.228 [info] Getting sessions for read:user,repo,user:email,workflow...
2025-07-24 11:26:27.228 [info] Got 0 sessions for read:user,repo,user:email,workflow...
2025-07-24 11:26:27.229 [info] Getting sessions for read:user,repo,user:email,workflow...
2025-07-24 11:26:27.229 [info] Got 0 sessions for read:user,repo,user:email,workflow...
2025-07-24 11:26:27.230 [info] Getting sessions for read:user,repo,user:email,workflow...
2025-07-24 11:26:27.230 [info] Got 0 sessions for read:user,repo,user:email,workflow...
2025-07-24 11:26:27.231 [info] Getting sessions for read:user,repo,user:email,workflow...
2025-07-24 11:26:27.231 [info] Got 0 sessions for read:user,repo,user:email,workflow...
2025-07-24 11:26:27.232 [info] Getting sessions for read:user,repo,user:email,workflow...
2025-07-24 11:26:27.232 [info] Got 0 sessions for read:user,repo,user:email,workflow...
2025-07-24 11:26:27.232 [info] Getting sessions for read:user,repo,user:email,workflow...
2025-07-24 11:26:27.232 [info] Got 0 sessions for read:user,repo,user:email,workflow...
2025-07-24 11:26:27.233 [info] Getting sessions for read:user,repo,user:email,workflow...
2025-07-24 11:26:27.233 [info] Got 0 sessions for read:user,repo,user:email,workflow...
2025-07-24 11:26:27.234 [info] Getting sessions for read:user,repo,user:email,workflow...
2025-07-24 11:26:27.234 [info] Got 0 sessions for read:user,repo,user:email,workflow...
2025-07-24 11:35:07.168 [info] Getting sessions for read:user,repo,user:email,workflow...
2025-07-24 11:35:07.168 [info] Got 0 sessions for read:user,repo,user:email,workflow...
