2025-07-20 08:47:32.377 [info] Reading sessions from keychain...
2025-07-20 08:47:32.377 [info] Getting sessions for all scopes...
2025-07-20 08:47:32.377 [info] Got 0 sessions for ...
2025-07-20 08:47:32.377 [info] Getting sessions for all scopes...
2025-07-20 08:47:32.377 [info] Got 0 sessions for ...
2025-07-20 08:47:32.377 [info] Getting sessions for all scopes...
2025-07-20 08:47:32.377 [info] Got 0 sessions for ...
2025-07-20 08:47:32.377 [info] Getting sessions for read:user,repo,user:email,workflow...
2025-07-20 08:47:32.377 [info] Got 0 sessions for read:user,repo,user:email,workflow...
2025-07-20 08:47:32.377 [info] Getting sessions for read:user,repo,user:email,workflow...
2025-07-20 08:47:32.377 [info] Got 0 sessions for read:user,repo,user:email,workflow...
2025-07-20 08:47:32.716 [info] Getting sessions for all scopes...
2025-07-20 08:47:32.716 [info] Got 0 sessions for ...
2025-07-20 08:47:32.721 [info] Getting sessions for all scopes...
2025-07-20 08:47:32.721 [info] Got 0 sessions for ...
2025-07-20 08:47:32.722 [info] Getting sessions for all scopes...
2025-07-20 08:47:32.722 [info] Got 0 sessions for ...
2025-07-20 08:47:32.722 [info] Getting sessions for all scopes...
2025-07-20 08:47:32.722 [info] Got 0 sessions for ...
2025-07-20 08:47:32.779 [info] Getting sessions for read:user,repo,user:email,workflow...
2025-07-20 08:47:32.779 [info] Got 0 sessions for read:user,repo,user:email,workflow...
2025-07-20 08:47:33.789 [info] Getting sessions for read:user,repo,user:email,workflow...
2025-07-20 08:47:33.789 [info] Got 0 sessions for read:user,repo,user:email,workflow...
2025-07-20 08:47:34.897 [info] Getting sessions for read:user,repo,user:email,workflow...
2025-07-20 08:47:34.897 [info] Got 0 sessions for read:user,repo,user:email,workflow...
2025-07-20 09:26:28.311 [info] Getting sessions for read:user,repo,user:email,workflow...
2025-07-20 09:26:28.311 [info] Got 0 sessions for read:user,repo,user:email,workflow...
2025-07-20 09:26:28.411 [info] Getting sessions for read:user,repo,user:email,workflow...
2025-07-20 09:26:28.411 [info] Got 0 sessions for read:user,repo,user:email,workflow...
2025-07-20 09:26:28.543 [info] Getting sessions for read:user,repo,user:email,workflow...
2025-07-20 09:26:28.543 [info] Got 0 sessions for read:user,repo,user:email,workflow...
2025-07-20 09:26:28.665 [info] Getting sessions for read:user,repo,user:email,workflow...
2025-07-20 09:26:28.665 [info] Got 0 sessions for read:user,repo,user:email,workflow...
2025-07-20 09:26:28.813 [info] Getting sessions for read:user,repo,user:email,workflow...
2025-07-20 09:26:28.813 [info] Got 0 sessions for read:user,repo,user:email,workflow...
2025-07-20 09:26:28.918 [info] Getting sessions for read:user,repo,user:email,workflow...
2025-07-20 09:26:28.918 [info] Got 0 sessions for read:user,repo,user:email,workflow...
2025-07-20 09:26:29.041 [info] Getting sessions for read:user,repo,user:email,workflow...
2025-07-20 09:26:29.041 [info] Got 0 sessions for read:user,repo,user:email,workflow...
2025-07-20 09:26:29.195 [info] Getting sessions for read:user,repo,user:email,workflow...
2025-07-20 09:26:29.196 [info] Got 0 sessions for read:user,repo,user:email,workflow...
2025-07-20 09:26:29.312 [info] Getting sessions for read:user,repo,user:email,workflow...
2025-07-20 09:26:29.312 [info] Got 0 sessions for read:user,repo,user:email,workflow...
2025-07-20 09:26:29.448 [info] Getting sessions for read:user,repo,user:email,workflow...
2025-07-20 09:26:29.448 [info] Got 0 sessions for read:user,repo,user:email,workflow...
2025-07-20 09:26:29.603 [info] Getting sessions for read:user,repo,user:email,workflow...
2025-07-20 09:26:29.603 [info] Got 0 sessions for read:user,repo,user:email,workflow...
2025-07-20 09:26:29.697 [info] Getting sessions for read:user,repo,user:email,workflow...
2025-07-20 09:26:29.697 [info] Got 0 sessions for read:user,repo,user:email,workflow...
2025-07-20 09:26:29.820 [info] Getting sessions for read:user,repo,user:email,workflow...
2025-07-20 09:26:29.821 [info] Got 0 sessions for read:user,repo,user:email,workflow...
2025-07-20 09:26:29.898 [info] Getting sessions for read:user,repo,user:email,workflow...
2025-07-20 09:26:29.898 [info] Got 0 sessions for read:user,repo,user:email,workflow...
2025-07-20 09:26:29.993 [info] Getting sessions for read:user,repo,user:email,workflow...
2025-07-20 09:26:29.993 [info] Got 0 sessions for read:user,repo,user:email,workflow...
2025-07-20 09:26:30.102 [info] Getting sessions for read:user,repo,user:email,workflow...
2025-07-20 09:26:30.102 [info] Got 0 sessions for read:user,repo,user:email,workflow...
2025-07-20 09:26:30.238 [info] Getting sessions for read:user,repo,user:email,workflow...
2025-07-20 09:26:30.238 [info] Got 0 sessions for read:user,repo,user:email,workflow...
2025-07-20 09:26:30.371 [info] Getting sessions for read:user,repo,user:email,workflow...
2025-07-20 09:26:30.371 [info] Got 0 sessions for read:user,repo,user:email,workflow...
2025-07-20 09:26:30.496 [info] Getting sessions for read:user,repo,user:email,workflow...
2025-07-20 09:26:30.496 [info] Got 0 sessions for read:user,repo,user:email,workflow...
2025-07-20 09:26:30.586 [info] Getting sessions for read:user,repo,user:email,workflow...
2025-07-20 09:26:30.586 [info] Got 0 sessions for read:user,repo,user:email,workflow...
2025-07-20 09:26:30.709 [info] Getting sessions for read:user,repo,user:email,workflow...
2025-07-20 09:26:30.709 [info] Got 0 sessions for read:user,repo,user:email,workflow...
2025-07-20 09:26:30.848 [info] Getting sessions for read:user,repo,user:email,workflow...
2025-07-20 09:26:30.848 [info] Got 0 sessions for read:user,repo,user:email,workflow...
2025-07-20 09:26:31.011 [info] Getting sessions for read:user,repo,user:email,workflow...
2025-07-20 09:26:31.011 [info] Got 0 sessions for read:user,repo,user:email,workflow...
2025-07-20 09:26:31.106 [info] Getting sessions for read:user,repo,user:email,workflow...
2025-07-20 09:26:31.106 [info] Got 0 sessions for read:user,repo,user:email,workflow...
2025-07-20 09:26:31.213 [info] Getting sessions for read:user,repo,user:email,workflow...
2025-07-20 09:26:31.213 [info] Got 0 sessions for read:user,repo,user:email,workflow...
2025-07-20 09:26:31.343 [info] Getting sessions for read:user,repo,user:email,workflow...
2025-07-20 09:26:31.343 [info] Got 0 sessions for read:user,repo,user:email,workflow...
2025-07-20 09:26:31.434 [info] Getting sessions for read:user,repo,user:email,workflow...
2025-07-20 09:26:31.434 [info] Got 0 sessions for read:user,repo,user:email,workflow...
2025-07-20 09:26:31.573 [info] Getting sessions for read:user,repo,user:email,workflow...
2025-07-20 09:26:31.573 [info] Got 0 sessions for read:user,repo,user:email,workflow...
2025-07-20 09:26:31.665 [info] Getting sessions for read:user,repo,user:email,workflow...
2025-07-20 09:26:31.665 [info] Got 0 sessions for read:user,repo,user:email,workflow...
2025-07-20 09:26:31.782 [info] Getting sessions for read:user,repo,user:email,workflow...
2025-07-20 09:26:31.782 [info] Got 0 sessions for read:user,repo,user:email,workflow...
2025-07-20 09:26:31.921 [info] Getting sessions for read:user,repo,user:email,workflow...
2025-07-20 09:26:31.921 [info] Got 0 sessions for read:user,repo,user:email,workflow...
2025-07-20 09:26:32.051 [info] Getting sessions for read:user,repo,user:email,workflow...
2025-07-20 09:26:32.051 [info] Got 0 sessions for read:user,repo,user:email,workflow...
2025-07-20 09:26:32.172 [info] Getting sessions for read:user,repo,user:email,workflow...
2025-07-20 09:26:32.173 [info] Got 0 sessions for read:user,repo,user:email,workflow...
2025-07-20 09:26:32.331 [info] Getting sessions for read:user,repo,user:email,workflow...
2025-07-20 09:26:32.331 [info] Got 0 sessions for read:user,repo,user:email,workflow...
2025-07-20 09:26:32.477 [info] Getting sessions for read:user,repo,user:email,workflow...
2025-07-20 09:26:32.477 [info] Got 0 sessions for read:user,repo,user:email,workflow...
2025-07-20 09:26:32.612 [info] Getting sessions for read:user,repo,user:email,workflow...
2025-07-20 09:26:32.612 [info] Got 0 sessions for read:user,repo,user:email,workflow...
2025-07-20 09:26:32.728 [info] Getting sessions for read:user,repo,user:email,workflow...
2025-07-20 09:26:32.728 [info] Got 0 sessions for read:user,repo,user:email,workflow...
2025-07-20 09:26:32.852 [info] Getting sessions for read:user,repo,user:email,workflow...
2025-07-20 09:26:32.852 [info] Got 0 sessions for read:user,repo,user:email,workflow...
2025-07-20 09:26:32.974 [info] Getting sessions for read:user,repo,user:email,workflow...
2025-07-20 09:26:32.974 [info] Got 0 sessions for read:user,repo,user:email,workflow...
2025-07-20 09:26:33.067 [info] Getting sessions for read:user,repo,user:email,workflow...
2025-07-20 09:26:33.067 [info] Got 0 sessions for read:user,repo,user:email,workflow...
2025-07-20 09:26:33.215 [info] Getting sessions for read:user,repo,user:email,workflow...
2025-07-20 09:26:33.215 [info] Got 0 sessions for read:user,repo,user:email,workflow...
2025-07-20 09:26:33.379 [info] Getting sessions for read:user,repo,user:email,workflow...
2025-07-20 09:26:33.379 [info] Got 0 sessions for read:user,repo,user:email,workflow...
2025-07-20 09:26:33.496 [info] Getting sessions for read:user,repo,user:email,workflow...
2025-07-20 09:26:33.496 [info] Got 0 sessions for read:user,repo,user:email,workflow...
2025-07-20 09:26:33.752 [info] Getting sessions for read:user,repo,user:email,workflow...
2025-07-20 09:26:33.752 [info] Got 0 sessions for read:user,repo,user:email,workflow...
2025-07-20 09:26:33.918 [info] Getting sessions for read:user,repo,user:email,workflow...
2025-07-20 09:26:33.918 [info] Got 0 sessions for read:user,repo,user:email,workflow...
2025-07-20 09:26:34.104 [info] Getting sessions for read:user,repo,user:email,workflow...
2025-07-20 09:26:34.104 [info] Got 0 sessions for read:user,repo,user:email,workflow...
2025-07-20 09:26:34.263 [info] Getting sessions for read:user,repo,user:email,workflow...
2025-07-20 09:26:34.263 [info] Got 0 sessions for read:user,repo,user:email,workflow...
2025-07-20 09:26:34.394 [info] Getting sessions for read:user,repo,user:email,workflow...
2025-07-20 09:26:34.394 [info] Got 0 sessions for read:user,repo,user:email,workflow...
2025-07-20 09:26:34.576 [info] Getting sessions for read:user,repo,user:email,workflow...
2025-07-20 09:26:34.576 [info] Got 0 sessions for read:user,repo,user:email,workflow...
2025-07-20 09:26:34.705 [info] Getting sessions for read:user,repo,user:email,workflow...
2025-07-20 09:26:34.705 [info] Got 0 sessions for read:user,repo,user:email,workflow...
2025-07-20 09:26:34.797 [info] Getting sessions for read:user,repo,user:email,workflow...
2025-07-20 09:26:34.797 [info] Got 0 sessions for read:user,repo,user:email,workflow...
2025-07-20 09:26:35.045 [info] Getting sessions for read:user,repo,user:email,workflow...
2025-07-20 09:26:35.045 [info] Got 0 sessions for read:user,repo,user:email,workflow...
2025-07-20 09:26:35.368 [info] Getting sessions for read:user,repo,user:email,workflow...
2025-07-20 09:26:35.368 [info] Got 0 sessions for read:user,repo,user:email,workflow...
2025-07-20 09:26:35.551 [info] Getting sessions for read:user,repo,user:email,workflow...
2025-07-20 09:26:35.551 [info] Got 0 sessions for read:user,repo,user:email,workflow...
2025-07-20 09:26:35.868 [info] Getting sessions for read:user,repo,user:email,workflow...
2025-07-20 09:26:35.868 [info] Got 0 sessions for read:user,repo,user:email,workflow...
2025-07-20 09:26:36.081 [info] Getting sessions for read:user,repo,user:email,workflow...
2025-07-20 09:26:36.081 [info] Got 0 sessions for read:user,repo,user:email,workflow...
2025-07-20 09:26:36.210 [info] Getting sessions for read:user,repo,user:email,workflow...
2025-07-20 09:26:36.210 [info] Got 0 sessions for read:user,repo,user:email,workflow...
2025-07-20 09:26:36.406 [info] Getting sessions for read:user,repo,user:email,workflow...
2025-07-20 09:26:36.406 [info] Got 0 sessions for read:user,repo,user:email,workflow...
2025-07-20 09:26:36.537 [info] Getting sessions for read:user,repo,user:email,workflow...
2025-07-20 09:26:36.537 [info] Got 0 sessions for read:user,repo,user:email,workflow...
2025-07-20 09:26:36.772 [info] Getting sessions for read:user,repo,user:email,workflow...
2025-07-20 09:26:36.772 [info] Got 0 sessions for read:user,repo,user:email,workflow...
2025-07-20 09:26:36.998 [info] Getting sessions for read:user,repo,user:email,workflow...
2025-07-20 09:26:36.998 [info] Got 0 sessions for read:user,repo,user:email,workflow...
2025-07-20 09:26:37.022 [info] Getting sessions for read:user,repo,user:email,workflow...
2025-07-20 09:26:37.022 [info] Got 0 sessions for read:user,repo,user:email,workflow...
2025-07-20 09:26:37.034 [info] Getting sessions for read:user,repo,user:email,workflow...
2025-07-20 09:26:37.034 [info] Got 0 sessions for read:user,repo,user:email,workflow...
2025-07-20 09:26:37.037 [info] Getting sessions for read:user,repo,user:email,workflow...
2025-07-20 09:26:37.037 [info] Got 0 sessions for read:user,repo,user:email,workflow...
2025-07-20 09:26:37.038 [info] Getting sessions for read:user,repo,user:email,workflow...
2025-07-20 09:26:37.038 [info] Got 0 sessions for read:user,repo,user:email,workflow...
2025-07-20 09:26:37.039 [info] Getting sessions for read:user,repo,user:email,workflow...
2025-07-20 09:26:37.039 [info] Got 0 sessions for read:user,repo,user:email,workflow...
2025-07-20 09:26:37.040 [info] Getting sessions for read:user,repo,user:email,workflow...
2025-07-20 09:26:37.040 [info] Got 0 sessions for read:user,repo,user:email,workflow...
2025-07-20 09:26:37.041 [info] Getting sessions for read:user,repo,user:email,workflow...
2025-07-20 09:26:37.041 [info] Got 0 sessions for read:user,repo,user:email,workflow...
2025-07-20 09:26:37.042 [info] Getting sessions for read:user,repo,user:email,workflow...
2025-07-20 09:26:37.042 [info] Got 0 sessions for read:user,repo,user:email,workflow...
2025-07-20 09:26:37.043 [info] Getting sessions for read:user,repo,user:email,workflow...
2025-07-20 09:26:37.043 [info] Got 0 sessions for read:user,repo,user:email,workflow...
2025-07-20 09:26:37.044 [info] Getting sessions for read:user,repo,user:email,workflow...
2025-07-20 09:26:37.044 [info] Got 0 sessions for read:user,repo,user:email,workflow...
2025-07-20 09:26:37.045 [info] Getting sessions for read:user,repo,user:email,workflow...
2025-07-20 09:26:37.045 [info] Got 0 sessions for read:user,repo,user:email,workflow...
2025-07-20 09:26:37.046 [info] Getting sessions for read:user,repo,user:email,workflow...
2025-07-20 09:26:37.046 [info] Got 0 sessions for read:user,repo,user:email,workflow...
2025-07-20 09:26:37.047 [info] Getting sessions for read:user,repo,user:email,workflow...
2025-07-20 09:26:37.047 [info] Got 0 sessions for read:user,repo,user:email,workflow...
2025-07-20 09:26:37.048 [info] Getting sessions for read:user,repo,user:email,workflow...
2025-07-20 09:26:37.048 [info] Got 0 sessions for read:user,repo,user:email,workflow...
2025-07-20 09:26:37.049 [info] Getting sessions for read:user,repo,user:email,workflow...
2025-07-20 09:26:37.049 [info] Got 0 sessions for read:user,repo,user:email,workflow...
2025-07-20 09:26:37.049 [info] Getting sessions for read:user,repo,user:email,workflow...
2025-07-20 09:26:37.049 [info] Got 0 sessions for read:user,repo,user:email,workflow...
2025-07-20 09:26:37.050 [info] Getting sessions for read:user,repo,user:email,workflow...
2025-07-20 09:26:37.050 [info] Got 0 sessions for read:user,repo,user:email,workflow...
2025-07-20 09:26:37.051 [info] Getting sessions for read:user,repo,user:email,workflow...
2025-07-20 09:26:37.051 [info] Got 0 sessions for read:user,repo,user:email,workflow...
2025-07-20 09:26:37.052 [info] Getting sessions for read:user,repo,user:email,workflow...
2025-07-20 09:26:37.052 [info] Got 0 sessions for read:user,repo,user:email,workflow...
2025-07-20 09:26:37.052 [info] Getting sessions for read:user,repo,user:email,workflow...
2025-07-20 09:26:37.052 [info] Got 0 sessions for read:user,repo,user:email,workflow...
2025-07-20 09:26:37.053 [info] Getting sessions for read:user,repo,user:email,workflow...
2025-07-20 09:26:37.053 [info] Got 0 sessions for read:user,repo,user:email,workflow...
2025-07-20 09:26:37.054 [info] Getting sessions for read:user,repo,user:email,workflow...
2025-07-20 09:26:37.054 [info] Got 0 sessions for read:user,repo,user:email,workflow...
2025-07-20 09:26:37.055 [info] Getting sessions for read:user,repo,user:email,workflow...
2025-07-20 09:26:37.055 [info] Got 0 sessions for read:user,repo,user:email,workflow...
2025-07-20 09:26:37.055 [info] Getting sessions for read:user,repo,user:email,workflow...
2025-07-20 09:26:37.055 [info] Got 0 sessions for read:user,repo,user:email,workflow...
2025-07-20 09:26:37.056 [info] Getting sessions for read:user,repo,user:email,workflow...
2025-07-20 09:26:37.056 [info] Got 0 sessions for read:user,repo,user:email,workflow...
2025-07-20 13:24:49.839 [info] Getting sessions for read:user,repo,user:email,workflow...
2025-07-20 13:24:49.839 [info] Got 0 sessions for read:user,repo,user:email,workflow...
2025-07-20 13:24:49.906 [info] Getting sessions for read:user,repo,user:email,workflow...
2025-07-20 13:24:49.906 [info] Got 0 sessions for read:user,repo,user:email,workflow...
2025-07-20 13:24:50.007 [info] Getting sessions for read:user,repo,user:email,workflow...
2025-07-20 13:24:50.007 [info] Got 0 sessions for read:user,repo,user:email,workflow...
2025-07-20 15:26:16.508 [info] Getting sessions for read:user,repo,user:email,workflow...
2025-07-20 15:26:16.509 [info] Got 0 sessions for read:user,repo,user:email,workflow...
2025-07-20 15:29:39.574 [info] Getting sessions for read:user,repo,user:email,workflow...
2025-07-20 15:29:39.574 [info] Got 0 sessions for read:user,repo,user:email,workflow...
2025-07-20 15:32:58.405 [info] Getting sessions for read:user,repo,user:email,workflow...
2025-07-20 15:32:58.405 [info] Got 0 sessions for read:user,repo,user:email,workflow...
