2025-07-21 11:48:00.660 [info] Reading sessions from keychain...
2025-07-21 11:48:00.660 [info] Getting sessions for all scopes...
2025-07-21 11:48:00.660 [info] Got 0 sessions for ...
2025-07-21 11:48:00.660 [info] Getting sessions for all scopes...
2025-07-21 11:48:00.660 [info] Got 0 sessions for ...
2025-07-21 11:48:00.660 [info] Getting sessions for all scopes...
2025-07-21 11:48:00.660 [info] Got 0 sessions for ...
2025-07-21 11:48:00.660 [info] Getting sessions for all scopes...
2025-07-21 11:48:00.660 [info] Got 0 sessions for ...
2025-07-21 11:48:00.660 [info] Getting sessions for all scopes...
2025-07-21 11:48:00.660 [info] Got 0 sessions for ...
2025-07-21 11:48:00.660 [info] Getting sessions for read:user,repo,user:email,workflow...
2025-07-21 11:48:00.660 [info] Got 0 sessions for read:user,repo,user:email,workflow...
2025-07-21 11:48:17.280 [info] Reading sessions from keychain...
2025-07-21 11:48:17.280 [info] Getting sessions for all scopes...
2025-07-21 11:48:17.280 [info] Got 0 sessions for ...
2025-07-21 11:48:17.280 [info] Getting sessions for all scopes...
2025-07-21 11:48:17.280 [info] Got 0 sessions for ...
2025-07-21 11:48:17.280 [info] Getting sessions for all scopes...
2025-07-21 11:48:17.280 [info] Got 0 sessions for ...
2025-07-21 11:48:17.280 [info] Getting sessions for read:user,repo,user:email,workflow...
2025-07-21 11:48:17.280 [info] Got 0 sessions for read:user,repo,user:email,workflow...
2025-07-21 11:48:17.280 [info] Getting sessions for all scopes...
2025-07-21 11:48:17.280 [info] Got 0 sessions for ...
2025-07-21 11:48:17.280 [info] Getting sessions for all scopes...
2025-07-21 11:48:17.280 [info] Got 0 sessions for ...
2025-07-21 11:48:17.280 [info] Getting sessions for all scopes...
2025-07-21 11:48:17.280 [info] Got 0 sessions for ...
2025-07-21 11:48:17.280 [info] Getting sessions for all scopes...
2025-07-21 11:48:17.280 [info] Got 0 sessions for ...
2025-07-21 11:48:17.338 [info] Getting sessions for read:user,repo,user:email,workflow...
2025-07-21 11:48:17.338 [info] Got 0 sessions for read:user,repo,user:email,workflow...
2025-07-21 11:48:17.486 [info] Getting sessions for read:user,repo,user:email,workflow...
2025-07-21 11:48:17.486 [info] Got 0 sessions for read:user,repo,user:email,workflow...
2025-07-21 11:48:18.247 [info] Getting sessions for read:user,repo,user:email,workflow...
2025-07-21 11:48:18.247 [info] Got 0 sessions for read:user,repo,user:email,workflow...
2025-07-21 12:20:13.835 [info] Getting sessions for read:user,repo,user:email,workflow...
2025-07-21 12:20:13.835 [info] Got 0 sessions for read:user,repo,user:email,workflow...
2025-07-21 12:20:13.961 [info] Getting sessions for read:user,repo,user:email,workflow...
2025-07-21 12:20:13.961 [info] Got 0 sessions for read:user,repo,user:email,workflow...
2025-07-21 12:20:14.114 [info] Getting sessions for read:user,repo,user:email,workflow...
2025-07-21 12:20:14.114 [info] Got 0 sessions for read:user,repo,user:email,workflow...
2025-07-21 12:20:14.235 [info] Getting sessions for read:user,repo,user:email,workflow...
2025-07-21 12:20:14.235 [info] Got 0 sessions for read:user,repo,user:email,workflow...
2025-07-21 12:20:14.323 [info] Getting sessions for read:user,repo,user:email,workflow...
2025-07-21 12:20:14.323 [info] Got 0 sessions for read:user,repo,user:email,workflow...
2025-07-21 12:20:14.462 [info] Getting sessions for read:user,repo,user:email,workflow...
2025-07-21 12:20:14.462 [info] Got 0 sessions for read:user,repo,user:email,workflow...
2025-07-21 12:20:14.629 [info] Getting sessions for read:user,repo,user:email,workflow...
2025-07-21 12:20:14.629 [info] Got 0 sessions for read:user,repo,user:email,workflow...
2025-07-21 12:20:14.747 [info] Getting sessions for read:user,repo,user:email,workflow...
2025-07-21 12:20:14.747 [info] Got 0 sessions for read:user,repo,user:email,workflow...
2025-07-21 12:20:14.913 [info] Getting sessions for read:user,repo,user:email,workflow...
2025-07-21 12:20:14.913 [info] Got 0 sessions for read:user,repo,user:email,workflow...
2025-07-21 12:20:15.058 [info] Getting sessions for read:user,repo,user:email,workflow...
2025-07-21 12:20:15.058 [info] Got 0 sessions for read:user,repo,user:email,workflow...
2025-07-21 12:20:15.198 [info] Getting sessions for read:user,repo,user:email,workflow...
2025-07-21 12:20:15.198 [info] Got 0 sessions for read:user,repo,user:email,workflow...
2025-07-21 12:20:15.338 [info] Getting sessions for read:user,repo,user:email,workflow...
2025-07-21 12:20:15.338 [info] Got 0 sessions for read:user,repo,user:email,workflow...
2025-07-21 12:20:15.465 [info] Getting sessions for read:user,repo,user:email,workflow...
2025-07-21 12:20:15.465 [info] Got 0 sessions for read:user,repo,user:email,workflow...
2025-07-21 12:20:15.589 [info] Getting sessions for read:user,repo,user:email,workflow...
2025-07-21 12:20:15.589 [info] Got 0 sessions for read:user,repo,user:email,workflow...
2025-07-21 12:20:15.720 [info] Getting sessions for read:user,repo,user:email,workflow...
2025-07-21 12:20:15.720 [info] Got 0 sessions for read:user,repo,user:email,workflow...
2025-07-21 12:20:15.842 [info] Getting sessions for read:user,repo,user:email,workflow...
2025-07-21 12:20:15.842 [info] Got 0 sessions for read:user,repo,user:email,workflow...
2025-07-21 12:20:15.973 [info] Getting sessions for read:user,repo,user:email,workflow...
2025-07-21 12:20:15.973 [info] Got 0 sessions for read:user,repo,user:email,workflow...
2025-07-21 12:20:16.063 [info] Getting sessions for read:user,repo,user:email,workflow...
2025-07-21 12:20:16.063 [info] Got 0 sessions for read:user,repo,user:email,workflow...
2025-07-21 12:20:16.165 [info] Getting sessions for read:user,repo,user:email,workflow...
2025-07-21 12:20:16.165 [info] Got 0 sessions for read:user,repo,user:email,workflow...
2025-07-21 12:20:16.292 [info] Getting sessions for read:user,repo,user:email,workflow...
2025-07-21 12:20:16.292 [info] Got 0 sessions for read:user,repo,user:email,workflow...
2025-07-21 12:20:16.453 [info] Getting sessions for read:user,repo,user:email,workflow...
2025-07-21 12:20:16.453 [info] Got 0 sessions for read:user,repo,user:email,workflow...
2025-07-21 12:20:16.559 [info] Getting sessions for read:user,repo,user:email,workflow...
2025-07-21 12:20:16.559 [info] Got 0 sessions for read:user,repo,user:email,workflow...
2025-07-21 12:20:16.681 [info] Getting sessions for read:user,repo,user:email,workflow...
2025-07-21 12:20:16.681 [info] Got 0 sessions for read:user,repo,user:email,workflow...
2025-07-21 12:20:16.799 [info] Getting sessions for read:user,repo,user:email,workflow...
2025-07-21 12:20:16.799 [info] Got 0 sessions for read:user,repo,user:email,workflow...
2025-07-21 12:20:16.916 [info] Getting sessions for read:user,repo,user:email,workflow...
2025-07-21 12:20:16.916 [info] Got 0 sessions for read:user,repo,user:email,workflow...
2025-07-21 12:20:16.999 [info] Getting sessions for read:user,repo,user:email,workflow...
2025-07-21 12:20:16.999 [info] Got 0 sessions for read:user,repo,user:email,workflow...
2025-07-21 12:20:17.144 [info] Getting sessions for read:user,repo,user:email,workflow...
2025-07-21 12:20:17.144 [info] Got 0 sessions for read:user,repo,user:email,workflow...
2025-07-21 12:20:17.235 [info] Getting sessions for read:user,repo,user:email,workflow...
2025-07-21 12:20:17.235 [info] Got 0 sessions for read:user,repo,user:email,workflow...
2025-07-21 12:20:17.299 [info] Getting sessions for read:user,repo,user:email,workflow...
2025-07-21 12:20:17.299 [info] Got 0 sessions for read:user,repo,user:email,workflow...
2025-07-21 12:20:17.411 [info] Getting sessions for read:user,repo,user:email,workflow...
2025-07-21 12:20:17.411 [info] Got 0 sessions for read:user,repo,user:email,workflow...
2025-07-21 12:20:17.555 [info] Getting sessions for read:user,repo,user:email,workflow...
2025-07-21 12:20:17.556 [info] Got 0 sessions for read:user,repo,user:email,workflow...
2025-07-21 12:20:17.695 [info] Getting sessions for read:user,repo,user:email,workflow...
2025-07-21 12:20:17.695 [info] Got 0 sessions for read:user,repo,user:email,workflow...
2025-07-21 12:20:17.822 [info] Getting sessions for read:user,repo,user:email,workflow...
2025-07-21 12:20:17.822 [info] Got 0 sessions for read:user,repo,user:email,workflow...
2025-07-21 12:20:17.945 [info] Getting sessions for read:user,repo,user:email,workflow...
2025-07-21 12:20:17.945 [info] Got 0 sessions for read:user,repo,user:email,workflow...
2025-07-21 12:20:18.061 [info] Getting sessions for read:user,repo,user:email,workflow...
2025-07-21 12:20:18.061 [info] Got 0 sessions for read:user,repo,user:email,workflow...
2025-07-21 12:20:18.210 [info] Getting sessions for read:user,repo,user:email,workflow...
2025-07-21 12:20:18.210 [info] Got 0 sessions for read:user,repo,user:email,workflow...
2025-07-21 12:20:18.337 [info] Getting sessions for read:user,repo,user:email,workflow...
2025-07-21 12:20:18.337 [info] Got 0 sessions for read:user,repo,user:email,workflow...
2025-07-21 12:20:18.433 [info] Getting sessions for read:user,repo,user:email,workflow...
2025-07-21 12:20:18.433 [info] Got 0 sessions for read:user,repo,user:email,workflow...
2025-07-21 12:20:18.552 [info] Getting sessions for read:user,repo,user:email,workflow...
2025-07-21 12:20:18.552 [info] Got 0 sessions for read:user,repo,user:email,workflow...
2025-07-21 12:20:18.697 [info] Getting sessions for read:user,repo,user:email,workflow...
2025-07-21 12:20:18.697 [info] Got 0 sessions for read:user,repo,user:email,workflow...
2025-07-21 12:20:18.806 [info] Getting sessions for read:user,repo,user:email,workflow...
2025-07-21 12:20:18.806 [info] Got 0 sessions for read:user,repo,user:email,workflow...
2025-07-21 12:20:18.973 [info] Getting sessions for read:user,repo,user:email,workflow...
2025-07-21 12:20:18.973 [info] Got 0 sessions for read:user,repo,user:email,workflow...
2025-07-21 12:20:19.133 [info] Getting sessions for read:user,repo,user:email,workflow...
2025-07-21 12:20:19.133 [info] Got 0 sessions for read:user,repo,user:email,workflow...
2025-07-21 12:20:19.243 [info] Getting sessions for read:user,repo,user:email,workflow...
2025-07-21 12:20:19.243 [info] Got 0 sessions for read:user,repo,user:email,workflow...
2025-07-21 12:20:19.399 [info] Getting sessions for read:user,repo,user:email,workflow...
2025-07-21 12:20:19.399 [info] Got 0 sessions for read:user,repo,user:email,workflow...
2025-07-21 12:20:19.532 [info] Getting sessions for read:user,repo,user:email,workflow...
2025-07-21 12:20:19.532 [info] Got 0 sessions for read:user,repo,user:email,workflow...
2025-07-21 12:20:19.639 [info] Getting sessions for read:user,repo,user:email,workflow...
2025-07-21 12:20:19.639 [info] Got 0 sessions for read:user,repo,user:email,workflow...
2025-07-21 12:20:19.733 [info] Getting sessions for read:user,repo,user:email,workflow...
2025-07-21 12:20:19.733 [info] Got 0 sessions for read:user,repo,user:email,workflow...
2025-07-21 12:20:19.850 [info] Getting sessions for read:user,repo,user:email,workflow...
2025-07-21 12:20:19.850 [info] Got 0 sessions for read:user,repo,user:email,workflow...
2025-07-21 12:20:20.066 [info] Getting sessions for read:user,repo,user:email,workflow...
2025-07-21 12:20:20.066 [info] Got 0 sessions for read:user,repo,user:email,workflow...
2025-07-21 12:20:20.186 [info] Getting sessions for read:user,repo,user:email,workflow...
2025-07-21 12:20:20.186 [info] Got 0 sessions for read:user,repo,user:email,workflow...
2025-07-21 12:20:20.340 [info] Getting sessions for read:user,repo,user:email,workflow...
2025-07-21 12:20:20.340 [info] Got 0 sessions for read:user,repo,user:email,workflow...
2025-07-21 12:20:20.483 [info] Getting sessions for read:user,repo,user:email,workflow...
2025-07-21 12:20:20.483 [info] Got 0 sessions for read:user,repo,user:email,workflow...
2025-07-21 12:20:20.704 [info] Getting sessions for read:user,repo,user:email,workflow...
2025-07-21 12:20:20.704 [info] Got 0 sessions for read:user,repo,user:email,workflow...
2025-07-21 12:20:20.903 [info] Getting sessions for read:user,repo,user:email,workflow...
2025-07-21 12:20:20.903 [info] Got 0 sessions for read:user,repo,user:email,workflow...
2025-07-21 12:20:21.106 [info] Getting sessions for read:user,repo,user:email,workflow...
2025-07-21 12:20:21.106 [info] Got 0 sessions for read:user,repo,user:email,workflow...
2025-07-21 12:20:21.301 [info] Getting sessions for read:user,repo,user:email,workflow...
2025-07-21 12:20:21.301 [info] Got 0 sessions for read:user,repo,user:email,workflow...
2025-07-21 12:20:21.479 [info] Getting sessions for read:user,repo,user:email,workflow...
2025-07-21 12:20:21.479 [info] Got 0 sessions for read:user,repo,user:email,workflow...
2025-07-21 12:20:21.668 [info] Getting sessions for read:user,repo,user:email,workflow...
2025-07-21 12:20:21.668 [info] Got 0 sessions for read:user,repo,user:email,workflow...
2025-07-21 12:20:21.922 [info] Getting sessions for read:user,repo,user:email,workflow...
2025-07-21 12:20:21.922 [info] Got 0 sessions for read:user,repo,user:email,workflow...
2025-07-21 12:20:22.060 [info] Getting sessions for read:user,repo,user:email,workflow...
2025-07-21 12:20:22.060 [info] Got 0 sessions for read:user,repo,user:email,workflow...
2025-07-21 12:20:22.233 [info] Getting sessions for read:user,repo,user:email,workflow...
2025-07-21 12:20:22.233 [info] Got 0 sessions for read:user,repo,user:email,workflow...
2025-07-21 12:20:22.507 [info] Getting sessions for read:user,repo,user:email,workflow...
2025-07-21 12:20:22.507 [info] Got 0 sessions for read:user,repo,user:email,workflow...
2025-07-21 12:20:22.513 [info] Getting sessions for read:user,repo,user:email,workflow...
2025-07-21 12:20:22.513 [info] Got 0 sessions for read:user,repo,user:email,workflow...
2025-07-21 12:20:22.514 [info] Getting sessions for read:user,repo,user:email,workflow...
2025-07-21 12:20:22.514 [info] Got 0 sessions for read:user,repo,user:email,workflow...
2025-07-21 12:20:22.514 [info] Getting sessions for read:user,repo,user:email,workflow...
2025-07-21 12:20:22.514 [info] Got 0 sessions for read:user,repo,user:email,workflow...
2025-07-21 12:20:22.515 [info] Getting sessions for read:user,repo,user:email,workflow...
2025-07-21 12:20:22.515 [info] Got 0 sessions for read:user,repo,user:email,workflow...
2025-07-21 12:20:22.516 [info] Getting sessions for read:user,repo,user:email,workflow...
2025-07-21 12:20:22.516 [info] Got 0 sessions for read:user,repo,user:email,workflow...
2025-07-21 12:20:22.517 [info] Getting sessions for read:user,repo,user:email,workflow...
2025-07-21 12:20:22.517 [info] Got 0 sessions for read:user,repo,user:email,workflow...
2025-07-21 12:20:22.518 [info] Getting sessions for read:user,repo,user:email,workflow...
2025-07-21 12:20:22.518 [info] Got 0 sessions for read:user,repo,user:email,workflow...
2025-07-21 12:20:22.519 [info] Getting sessions for read:user,repo,user:email,workflow...
2025-07-21 12:20:22.519 [info] Got 0 sessions for read:user,repo,user:email,workflow...
2025-07-21 12:20:22.520 [info] Getting sessions for read:user,repo,user:email,workflow...
2025-07-21 12:20:22.520 [info] Got 0 sessions for read:user,repo,user:email,workflow...
2025-07-21 12:20:22.521 [info] Getting sessions for read:user,repo,user:email,workflow...
2025-07-21 12:20:22.521 [info] Got 0 sessions for read:user,repo,user:email,workflow...
2025-07-21 12:20:22.522 [info] Getting sessions for read:user,repo,user:email,workflow...
2025-07-21 12:20:22.522 [info] Got 0 sessions for read:user,repo,user:email,workflow...
2025-07-21 12:20:22.523 [info] Getting sessions for read:user,repo,user:email,workflow...
2025-07-21 12:20:22.523 [info] Got 0 sessions for read:user,repo,user:email,workflow...
2025-07-21 12:20:22.524 [info] Getting sessions for read:user,repo,user:email,workflow...
2025-07-21 12:20:22.524 [info] Got 0 sessions for read:user,repo,user:email,workflow...
2025-07-21 12:20:22.525 [info] Getting sessions for read:user,repo,user:email,workflow...
2025-07-21 12:20:22.525 [info] Got 0 sessions for read:user,repo,user:email,workflow...
2025-07-21 12:20:22.526 [info] Getting sessions for read:user,repo,user:email,workflow...
2025-07-21 12:20:22.526 [info] Got 0 sessions for read:user,repo,user:email,workflow...
2025-07-21 12:20:22.527 [info] Getting sessions for read:user,repo,user:email,workflow...
2025-07-21 12:20:22.527 [info] Got 0 sessions for read:user,repo,user:email,workflow...
2025-07-21 12:20:22.528 [info] Getting sessions for read:user,repo,user:email,workflow...
2025-07-21 12:20:22.528 [info] Got 0 sessions for read:user,repo,user:email,workflow...
2025-07-21 12:20:22.529 [info] Getting sessions for read:user,repo,user:email,workflow...
2025-07-21 12:20:22.529 [info] Got 0 sessions for read:user,repo,user:email,workflow...
2025-07-21 12:20:22.530 [info] Getting sessions for read:user,repo,user:email,workflow...
2025-07-21 12:20:22.530 [info] Got 0 sessions for read:user,repo,user:email,workflow...
2025-07-21 12:20:22.531 [info] Getting sessions for read:user,repo,user:email,workflow...
2025-07-21 12:20:22.531 [info] Got 0 sessions for read:user,repo,user:email,workflow...
2025-07-21 12:20:22.533 [info] Getting sessions for read:user,repo,user:email,workflow...
2025-07-21 12:20:22.533 [info] Got 0 sessions for read:user,repo,user:email,workflow...
2025-07-21 12:20:22.534 [info] Getting sessions for read:user,repo,user:email,workflow...
2025-07-21 12:20:22.534 [info] Got 0 sessions for read:user,repo,user:email,workflow...
2025-07-21 12:20:22.535 [info] Getting sessions for read:user,repo,user:email,workflow...
2025-07-21 12:20:22.535 [info] Got 0 sessions for read:user,repo,user:email,workflow...
