2025-07-20 17:35:11.389 [info] Reading sessions from keychain...
2025-07-20 17:35:11.389 [info] Getting sessions for all scopes...
2025-07-20 17:35:11.390 [info] Got 0 sessions for ...
2025-07-20 17:35:11.390 [info] Getting sessions for all scopes...
2025-07-20 17:35:11.390 [info] Got 0 sessions for ...
2025-07-20 17:35:11.390 [info] Getting sessions for all scopes...
2025-07-20 17:35:11.390 [info] Got 0 sessions for ...
2025-07-20 17:35:11.391 [info] Getting sessions for read:user,repo,user:email,workflow...
2025-07-20 17:35:11.391 [info] Got 0 sessions for read:user,repo,user:email,workflow...
2025-07-20 17:35:11.398 [info] Getting sessions for read:user,repo,user:email,workflow...
2025-07-20 17:35:11.398 [info] Got 0 sessions for read:user,repo,user:email,workflow...
2025-07-20 17:35:11.429 [info] Getting sessions for all scopes...
2025-07-20 17:35:11.429 [info] Got 0 sessions for ...
2025-07-20 17:35:11.438 [info] Getting sessions for read:user,repo,user:email,workflow...
2025-07-20 17:35:11.438 [info] Got 0 sessions for read:user,repo,user:email,workflow...
2025-07-20 17:35:11.627 [info] Getting sessions for all scopes...
2025-07-20 17:35:11.627 [info] Got 0 sessions for ...
2025-07-20 17:35:11.628 [info] Getting sessions for all scopes...
2025-07-20 17:35:11.628 [info] Got 0 sessions for ...
2025-07-20 17:35:11.633 [info] Getting sessions for all scopes...
2025-07-20 17:35:11.633 [info] Got 0 sessions for ...
2025-07-20 17:35:11.642 [info] Getting sessions for all scopes...
2025-07-20 17:35:11.642 [info] Got 0 sessions for ...
2025-07-20 17:35:11.996 [info] Getting sessions for read:user,repo,user:email,workflow...
2025-07-20 17:35:11.996 [info] Got 0 sessions for read:user,repo,user:email,workflow...
2025-07-20 17:35:13.774 [info] Getting sessions for read:user,repo,user:email,workflow...
2025-07-20 17:35:13.774 [info] Got 0 sessions for read:user,repo,user:email,workflow...
2025-07-20 18:24:12.921 [info] Reading sessions from keychain...
2025-07-20 18:24:12.921 [info] Getting sessions for all scopes...
2025-07-20 18:24:12.921 [info] Got 0 sessions for ...
2025-07-20 18:24:12.921 [info] Getting sessions for all scopes...
2025-07-20 18:24:12.921 [info] Got 0 sessions for ...
2025-07-20 18:24:12.921 [info] Getting sessions for all scopes...
2025-07-20 18:24:12.921 [info] Got 0 sessions for ...
2025-07-20 18:24:12.921 [info] Getting sessions for read:user,repo,user:email,workflow...
2025-07-20 18:24:12.921 [info] Got 0 sessions for read:user,repo,user:email,workflow...
2025-07-20 18:24:13.295 [info] Getting sessions for all scopes...
2025-07-20 18:24:13.295 [info] Got 0 sessions for ...
2025-07-20 18:24:13.295 [info] Getting sessions for all scopes...
2025-07-20 18:24:13.295 [info] Got 0 sessions for ...
2025-07-20 18:24:13.300 [info] Getting sessions for all scopes...
2025-07-20 18:24:13.300 [info] Got 0 sessions for ...
2025-07-20 18:24:13.335 [info] Getting sessions for all scopes...
2025-07-20 18:24:13.335 [info] Got 0 sessions for ...
