2025-07-16 14:15:35.320 [info] [main] Log level: Info
2025-07-16 14:15:35.320 [info] [main] Validating found git in: "git"
2025-07-16 14:15:35.320 [info] [main] Using git "2.50.0" from "git"
2025-07-16 14:15:35.320 [info] [Model][doInitialScan] Initial repository scan started
2025-07-16 14:15:35.320 [info] > git rev-parse --show-toplevel [184ms]
2025-07-16 14:15:35.320 [info] fatal: not a git repository (or any of the parent directories): .git
2025-07-16 14:15:35.320 [info] > git rev-parse --show-toplevel [9ms]
2025-07-16 14:15:35.320 [info] fatal: not a git repository (or any of the parent directories): .git
2025-07-16 14:15:35.321 [info] > git rev-parse --show-toplevel [17ms]
2025-07-16 14:15:35.321 [info] fatal: not a git repository (or any of the parent directories): .git
2025-07-16 14:15:35.345 [info] > git rev-parse --show-toplevel [2ms]
2025-07-16 14:15:35.345 [info] fatal: not a git repository (or any of the parent directories): .git
2025-07-16 14:15:35.359 [info] > git rev-parse --show-toplevel [1ms]
2025-07-16 14:15:35.359 [info] fatal: not a git repository (or any of the parent directories): .git
2025-07-16 14:15:35.365 [info] > git rev-parse --show-toplevel [2ms]
2025-07-16 14:15:35.365 [info] fatal: not a git repository (or any of the parent directories): .git
2025-07-16 14:15:35.373 [info] > git rev-parse --show-toplevel [1ms]
2025-07-16 14:15:35.373 [info] fatal: not a git repository (or any of the parent directories): .git
2025-07-16 14:15:35.378 [info] > git rev-parse --show-toplevel [1ms]
2025-07-16 14:15:35.378 [info] fatal: not a git repository (or any of the parent directories): .git
2025-07-16 14:15:35.384 [info] > git rev-parse --show-toplevel [1ms]
2025-07-16 14:15:35.384 [info] fatal: not a git repository (or any of the parent directories): .git
2025-07-16 14:15:35.391 [info] > git rev-parse --show-toplevel [1ms]
2025-07-16 14:15:35.391 [info] fatal: not a git repository (or any of the parent directories): .git
2025-07-16 14:15:35.396 [info] > git rev-parse --show-toplevel [1ms]
2025-07-16 14:15:35.396 [info] fatal: not a git repository (or any of the parent directories): .git
2025-07-16 14:15:35.401 [info] > git rev-parse --show-toplevel [1ms]
2025-07-16 14:15:35.402 [info] fatal: not a git repository (or any of the parent directories): .git
2025-07-16 14:15:35.408 [info] > git rev-parse --show-toplevel [0ms]
2025-07-16 14:15:35.408 [info] fatal: not a git repository (or any of the parent directories): .git
2025-07-16 14:15:35.412 [info] > git rev-parse --show-toplevel [0ms]
2025-07-16 14:15:35.413 [info] fatal: not a git repository (or any of the parent directories): .git
2025-07-16 14:15:35.418 [info] > git rev-parse --show-toplevel [1ms]
2025-07-16 14:15:35.418 [info] fatal: not a git repository (or any of the parent directories): .git
2025-07-16 14:15:35.425 [info] > git rev-parse --show-toplevel [1ms]
2025-07-16 14:15:35.425 [info] fatal: not a git repository (or any of the parent directories): .git
2025-07-16 14:15:35.431 [info] > git rev-parse --show-toplevel [1ms]
2025-07-16 14:15:35.431 [info] fatal: not a git repository (or any of the parent directories): .git
2025-07-16 14:15:35.439 [info] > git rev-parse --show-toplevel [1ms]
2025-07-16 14:15:35.439 [info] fatal: not a git repository (or any of the parent directories): .git
2025-07-16 14:15:35.445 [info] > git rev-parse --show-toplevel [1ms]
2025-07-16 14:15:35.445 [info] fatal: not a git repository (or any of the parent directories): .git
2025-07-16 14:15:35.451 [info] > git rev-parse --show-toplevel [1ms]
2025-07-16 14:15:35.451 [info] fatal: not a git repository (or any of the parent directories): .git
2025-07-16 14:15:35.457 [info] > git rev-parse --show-toplevel [1ms]
2025-07-16 14:15:35.457 [info] fatal: not a git repository (or any of the parent directories): .git
2025-07-16 14:15:35.463 [info] > git rev-parse --show-toplevel [1ms]
2025-07-16 14:15:35.463 [info] fatal: not a git repository (or any of the parent directories): .git
2025-07-16 14:15:35.470 [info] > git rev-parse --show-toplevel [1ms]
2025-07-16 14:15:35.470 [info] fatal: not a git repository (or any of the parent directories): .git
2025-07-16 14:15:35.476 [info] > git rev-parse --show-toplevel [1ms]
2025-07-16 14:15:35.476 [info] fatal: not a git repository (or any of the parent directories): .git
2025-07-16 14:15:35.483 [info] > git rev-parse --show-toplevel [1ms]
2025-07-16 14:15:35.483 [info] fatal: not a git repository (or any of the parent directories): .git
2025-07-16 14:15:35.490 [info] > git rev-parse --show-toplevel [1ms]
2025-07-16 14:15:35.490 [info] fatal: not a git repository (or any of the parent directories): .git
2025-07-16 14:15:35.497 [info] > git rev-parse --show-toplevel [1ms]
2025-07-16 14:15:35.497 [info] fatal: not a git repository (or any of the parent directories): .git
2025-07-16 14:15:35.505 [info] > git rev-parse --show-toplevel [3ms]
2025-07-16 14:15:35.505 [info] fatal: not a git repository (or any of the parent directories): .git
2025-07-16 14:15:35.511 [info] > git rev-parse --show-toplevel [0ms]
2025-07-16 14:15:35.511 [info] fatal: not a git repository (or any of the parent directories): .git
2025-07-16 14:15:35.515 [info] > git rev-parse --show-toplevel [0ms]
2025-07-16 14:15:35.522 [info] > git rev-parse --git-dir --git-common-dir [1ms]
2025-07-16 14:15:35.536 [info] [Model][openRepository] Opened repository (path): /home/slim/DENv
2025-07-16 14:15:35.536 [info] [Model][openRepository] Opened repository (real path): /home/slim/DENv
2025-07-16 14:15:35.562 [info] > git rev-parse --show-toplevel [15ms]
2025-07-16 14:15:35.562 [info] fatal: not a git repository (or any of the parent directories): .git
2025-07-16 14:15:35.563 [info] > git config --get commit.template [19ms]
2025-07-16 14:15:35.583 [info] > git rev-parse --show-toplevel [13ms]
2025-07-16 14:15:35.583 [info] fatal: not a git repository (or any of the parent directories): .git
2025-07-16 14:15:35.590 [info] > git for-each-ref --format=%(refname)%00%(upstream:short)%00%(objectname)%00%(upstream:track)%00%(upstream:remotename)%00%(upstream:remoteref) refs/heads/master refs/remotes/master [8ms]
2025-07-16 14:15:35.596 [warning] [Git][revParse] Unable to read file: ENOENT: no such file or directory, open '/home/slim/DENv/.git/refs/remotes/origin/master'
2025-07-16 14:15:35.596 [info] > git rev-parse --show-toplevel [7ms]
2025-07-16 14:15:35.596 [info] fatal: not a git repository (or any of the parent directories): .git
2025-07-16 14:15:35.602 [info] > git rev-parse refs/remotes/origin/master [6ms]
2025-07-16 14:15:35.616 [info] > git rev-parse --show-toplevel [14ms]
2025-07-16 14:15:35.623 [info] > git rev-parse --git-dir --git-common-dir [1ms]
2025-07-16 14:15:35.632 [info] [Model][openRepository] Opened repository (path): /home/slim/Tela-circle-icon-theme
2025-07-16 14:15:35.632 [info] [Model][openRepository] Opened repository (real path): /home/slim/Tela-circle-icon-theme
2025-07-16 14:15:35.632 [info] > git for-each-ref --sort -committerdate --format %(refname)%00%(objectname)%00%(*objectname) [16ms]
2025-07-16 14:15:35.655 [info] > git config --get commit.template [12ms]
2025-07-16 14:15:35.659 [info] > git rev-parse --show-toplevel [8ms]
2025-07-16 14:15:35.659 [info] fatal: not a git repository (or any of the parent directories): .git
2025-07-16 14:15:35.680 [info] > git rev-parse --show-toplevel [1ms]
2025-07-16 14:15:35.680 [info] fatal: not a git repository (or any of the parent directories): .git
2025-07-16 14:15:35.681 [info] > git for-each-ref --format=%(refname)%00%(upstream:short)%00%(objectname)%00%(upstream:track)%00%(upstream:remotename)%00%(upstream:remoteref) refs/heads/master refs/remotes/master [10ms]
2025-07-16 14:15:35.690 [warning] [Git][revParse] Unable to read file: ENOENT: no such file or directory, open '/home/slim/Tela-circle-icon-theme/.git/refs/remotes/origin/master'
2025-07-16 14:15:35.692 [info] > git rev-parse refs/remotes/origin/master [2ms]
2025-07-16 14:15:35.707 [info] > git rev-parse --show-toplevel [21ms]
2025-07-16 14:15:35.713 [info] > git for-each-ref --sort -committerdate --format %(refname)%00%(objectname)%00%(*objectname) [7ms]
2025-07-16 14:15:35.714 [info] > git rev-parse --git-dir --git-common-dir [1ms]
2025-07-16 14:15:35.720 [info] [Model][openRepository] Opened repository (path): /home/slim/bema
2025-07-16 14:15:35.720 [info] [Model][openRepository] Opened repository (real path): /home/slim/bema
2025-07-16 14:15:35.739 [info] > git rev-parse --show-toplevel [3ms]
2025-07-16 14:15:35.739 [info] > git config --get commit.template [11ms]
2025-07-16 14:15:35.751 [info] [Git][getRemotes] No remotes found in the git config file
2025-07-16 14:15:35.752 [info] > git rev-parse --git-dir --git-common-dir [7ms]
2025-07-16 14:15:35.759 [info] [Model][openRepository] Opened repository (path): /home/slim/dotfiles
2025-07-16 14:15:35.759 [info] [Model][openRepository] Opened repository (real path): /home/slim/dotfiles
2025-07-16 14:15:35.773 [info] > git for-each-ref --format=%(refname)%00%(upstream:short)%00%(objectname)%00%(upstream:track)%00%(upstream:remotename)%00%(upstream:remoteref) refs/heads/main refs/remotes/main [22ms]
2025-07-16 14:15:35.774 [warning] [Git][getBranch] No such branch: main
2025-07-16 14:15:35.790 [info] > git status -z -uall [10ms]
2025-07-16 14:15:35.791 [info] > git rev-parse --show-toplevel [18ms]
2025-07-16 14:15:35.791 [info] fatal: not a git repository (or any of the parent directories): .git
2025-07-16 14:15:35.791 [info] > git config --get commit.template [25ms]
2025-07-16 14:15:35.800 [info] > git for-each-ref --sort -committerdate --format %(refname)%00%(objectname)%00%(*objectname) [13ms]
2025-07-16 14:15:35.826 [info] > git for-each-ref --format=%(refname)%00%(upstream:short)%00%(objectname)%00%(upstream:track)%00%(upstream:remotename)%00%(upstream:remoteref) refs/heads/main refs/remotes/main [15ms]
2025-07-16 14:15:35.826 [warning] [Git][getBranch] No such branch: main
2025-07-16 14:15:35.826 [error] [GitHistoryProvider][resolveHEADMergeBase] Failed to resolve merge base for main: Error: No such branch: main.
2025-07-16 14:15:35.827 [info] > git rev-parse --show-toplevel [27ms]
2025-07-16 14:15:35.868 [info] > git config --get commit.template [43ms]
2025-07-16 14:15:35.868 [info] > git for-each-ref --format=%(refname)%00%(upstream:short)%00%(objectname)%00%(upstream:track)%00%(upstream:remotename)%00%(upstream:remoteref) refs/heads/main refs/remotes/main [49ms]
2025-07-16 14:15:35.872 [info] > git rev-parse --git-dir --git-common-dir [5ms]
2025-07-16 14:15:35.878 [info] [Model][openRepository] Opened repository (path): /home/slim/ladybird
2025-07-16 14:15:35.878 [info] [Model][openRepository] Opened repository (real path): /home/slim/ladybird
2025-07-16 14:15:35.885 [info] [Git][getRemotes] No remotes found in the git config file
2025-07-16 14:15:35.898 [info] > git config --get commit.template [6ms]
2025-07-16 14:15:35.898 [info] > git for-each-ref --format=%(refname)%00%(upstream:short)%00%(objectname)%00%(upstream:track)%00%(upstream:remotename)%00%(upstream:remoteref) refs/heads/main refs/remotes/main [13ms]
2025-07-16 14:15:35.898 [warning] [Git][getBranch] No such branch: main
2025-07-16 14:15:35.930 [info] > git status -z -uall [25ms]
2025-07-16 14:15:35.930 [info] > git for-each-ref --sort -committerdate --format %(refname)%00%(objectname)%00%(*objectname) [17ms]
2025-07-16 14:15:35.933 [info] > git rev-parse --show-toplevel [36ms]
2025-07-16 14:15:35.945 [info] > git status -z -uall [24ms]
2025-07-16 14:15:35.945 [info] > git for-each-ref --sort -committerdate --format %(refname)%00%(objectname)%00%(*objectname) [16ms]
2025-07-16 14:15:35.962 [info] > git for-each-ref --format=%(refname)%00%(upstream:short)%00%(objectname)%00%(upstream:track)%00%(upstream:remotename)%00%(upstream:remoteref) refs/heads/main refs/remotes/main [8ms]
2025-07-16 14:15:35.967 [info] > git rev-parse --git-dir --git-common-dir [22ms]
2025-07-16 14:15:35.972 [info] [Model][openRepository] Opened repository (path): /home/slim/neocode
2025-07-16 14:15:35.972 [info] [Model][openRepository] Opened repository (real path): /home/slim/neocode
2025-07-16 14:15:35.973 [info] > git for-each-ref --format=%(refname)%00%(upstream:short)%00%(objectname)%00%(upstream:track)%00%(upstream:remotename)%00%(upstream:remoteref) refs/heads/master refs/remotes/master [33ms]
2025-07-16 14:15:35.987 [warning] [Git][revParse] Unable to read file: ENOENT: no such file or directory, open '/home/slim/ladybird/.git/refs/remotes/origin/master'
2025-07-16 14:15:35.988 [info] > git config --get --local branch.main.vscode-merge-base [21ms]
2025-07-16 14:15:35.994 [info] > git config --get commit.template [32ms]
2025-07-16 14:15:35.996 [info] > git for-each-ref --format=%(refname)%00%(upstream:short)%00%(objectname)%00%(upstream:track)%00%(upstream:remotename)%00%(upstream:remoteref) refs/heads/origin/main refs/remotes/origin/main [3ms]
2025-07-16 14:15:36.002 [info] > git rev-parse refs/remotes/origin/master [15ms]
2025-07-16 14:15:36.017 [info] > git rev-parse --show-toplevel [34ms]
2025-07-16 14:15:36.017 [info] > git config --get commit.template [39ms]
2025-07-16 14:15:36.088 [info] > git for-each-ref --sort -committerdate --format %(refname)%00%(objectname)%00%(*objectname) [71ms]
2025-07-16 14:15:36.088 [info] > git merge-base refs/heads/main refs/remotes/origin/main [86ms]
2025-07-16 14:15:36.127 [info] > git check-ignore -v -z --stdin [16ms]
2025-07-16 14:15:36.128 [info] > git diff --name-status -z --diff-filter=ADMR 461232c0486010531151dbf5b20431f9a7f0adfe...refs/remotes/origin/main [32ms]
2025-07-16 14:15:36.129 [info] > git rev-parse --git-dir --git-common-dir [42ms]
2025-07-16 14:15:36.135 [info] [Model][openRepository] Opened repository (path): /home/slim/yay
2025-07-16 14:15:36.135 [info] [Model][openRepository] Opened repository (real path): /home/slim/yay
2025-07-16 14:15:36.136 [info] > git for-each-ref --format=%(refname)%00%(upstream:short)%00%(objectname)%00%(upstream:track)%00%(upstream:remotename)%00%(upstream:remoteref) refs/heads/main refs/remotes/main [56ms]
2025-07-16 14:15:36.154 [info] > git for-each-ref --format=%(refname)%00%(upstream:short)%00%(objectname)%00%(upstream:track)%00%(upstream:remotename)%00%(upstream:remoteref) refs/heads/main refs/remotes/main [28ms]
2025-07-16 14:15:36.166 [warning] [Git][revParse] Unable to read file: ENOENT: no such file or directory, open '/home/slim/neocode/.git/refs/remotes/origin/main'
2025-07-16 14:15:36.166 [info] > git rev-parse --show-toplevel [15ms]
2025-07-16 14:15:36.166 [info] > git config --get commit.template [21ms]
2025-07-16 14:15:36.176 [info] > git rev-parse refs/remotes/origin/main [10ms]
2025-07-16 14:15:36.206 [info] > git status -z -uall [24ms]
2025-07-16 14:15:36.207 [info] > git rev-parse --git-dir --git-common-dir [32ms]
2025-07-16 14:15:36.212 [info] [Model][openRepository] Opened repository (path): /home/slim/yay-b
2025-07-16 14:15:36.212 [info] [Model][openRepository] Opened repository (real path): /home/slim/yay-b
2025-07-16 14:15:36.213 [info] [Model][doInitialScan] Initial repository scan completed - repositories (8), closed repositories (0), parent repositories (0), unsafe repositories (0)
2025-07-16 14:15:36.231 [info] > git status -z -uall [33ms]
2025-07-16 14:15:36.231 [info] > git for-each-ref --sort -committerdate --format %(refname)%00%(objectname)%00%(*objectname) [26ms]
2025-07-16 14:15:36.236 [info] > git for-each-ref --format=%(refname)%00%(upstream:short)%00%(objectname)%00%(upstream:track)%00%(upstream:remotename)%00%(upstream:remoteref) refs/heads/master refs/remotes/master [42ms]
2025-07-16 14:15:36.236 [info] > git for-each-ref --sort -committerdate --format %(refname)%00%(objectname)%00%(*objectname) [47ms]
2025-07-16 14:15:36.250 [warning] [Git][revParse] Unable to read file: ENOENT: no such file or directory, open '/home/slim/yay/.git/refs/remotes/origin/master'
2025-07-16 14:15:36.256 [info] > git for-each-ref --format=%(refname)%00%(upstream:short)%00%(objectname)%00%(upstream:track)%00%(upstream:remotename)%00%(upstream:remoteref) refs/heads/main refs/remotes/main [12ms]
2025-07-16 14:15:36.261 [info] > git rev-parse --show-toplevel [31ms]
2025-07-16 14:15:36.261 [info] fatal: not a git repository (or any of the parent directories): .git
2025-07-16 14:15:36.261 [info] > git config --get commit.template [38ms]
2025-07-16 14:15:36.266 [info] > git config --get --local branch.main.vscode-merge-base [5ms]
2025-07-16 14:15:36.271 [info] > git config --get commit.template [16ms]
2025-07-16 14:15:36.271 [info] > git rev-parse refs/remotes/origin/master [21ms]
2025-07-16 14:15:36.291 [info] > git status -z -uall [15ms]
2025-07-16 14:15:36.291 [info] > git for-each-ref --format=%(refname)%00%(upstream:short)%00%(objectname)%00%(upstream:track)%00%(upstream:remotename)%00%(upstream:remoteref) refs/heads/origin/main refs/remotes/origin/main [20ms]
2025-07-16 14:15:36.303 [info] > git for-each-ref --format=%(refname)%00%(upstream:short)%00%(objectname)%00%(upstream:track)%00%(upstream:remotename)%00%(upstream:remoteref) refs/heads/master refs/remotes/master [13ms]
2025-07-16 14:15:36.303 [warning] [Git][getBranch] No such branch: master
2025-07-16 14:15:36.316 [info] > git for-each-ref --sort -committerdate --format %(refname)%00%(objectname)%00%(*objectname) [34ms]
2025-07-16 14:15:36.337 [info] > git status -z -uall [728ms]
2025-07-16 14:15:36.337 [info] > git status -z -uall [27ms]
2025-07-16 14:15:36.337 [info] > git for-each-ref --format=%(refname)%00%(upstream:short)%00%(objectname)%00%(upstream:track)%00%(upstream:remotename)%00%(upstream:remoteref) refs/heads/master refs/remotes/master [12ms]
2025-07-16 14:15:36.344 [info] > git for-each-ref --sort -committerdate --format %(refname)%00%(objectname)%00%(*objectname) [29ms]
2025-07-16 14:15:36.353 [info] > git for-each-ref --format=%(refname)%00%(upstream:short)%00%(objectname)%00%(upstream:track)%00%(upstream:remotename)%00%(upstream:remoteref) refs/heads/main refs/remotes/main [51ms]
2025-07-16 14:15:36.364 [info] > git merge-base refs/heads/main refs/remotes/origin/main [67ms]
2025-07-16 14:15:36.379 [warning] [Git][revParse] Unable to read file: ENOENT: no such file or directory, open '/home/slim/neocode/.git/refs/remotes/origin/main'
2025-07-16 14:15:36.384 [info] > git diff --name-status -z --diff-filter=ADMR 4da4bb1945b4da73984176a206a25dfaea990ee4...refs/remotes/origin/main [16ms]
2025-07-16 14:15:36.385 [info] > git for-each-ref --format=%(refname)%00%(upstream:short)%00%(objectname)%00%(upstream:track)%00%(upstream:remotename)%00%(upstream:remoteref) refs/heads/master refs/remotes/master [23ms]
2025-07-16 14:15:36.390 [info] > git for-each-ref --format=%(refname)%00%(upstream:short)%00%(objectname)%00%(upstream:track)%00%(upstream:remotename)%00%(upstream:remoteref) refs/heads/master refs/remotes/master [39ms]
2025-07-16 14:15:36.390 [warning] [Git][getBranch] No such branch: master
2025-07-16 14:15:36.390 [error] [GitHistoryProvider][resolveHEADMergeBase] Failed to resolve merge base for master: Error: No such branch: master.
2025-07-16 14:15:36.390 [info] > git config --get --local branch.master.vscode-merge-base [46ms]
2025-07-16 14:15:36.395 [info] > git config --get commit.template [62ms]
2025-07-16 14:15:36.399 [info] > git for-each-ref --format=%(refname)%00%(upstream:short)%00%(objectname)%00%(upstream:track)%00%(upstream:remotename)%00%(upstream:remoteref) refs/heads/origin/master refs/remotes/origin/master [4ms]
2025-07-16 14:15:36.405 [info] > git config --get --local branch.master.vscode-merge-base [16ms]
2025-07-16 14:15:36.409 [info] > git config --get commit.template [26ms]
2025-07-16 14:15:36.409 [info] > git rev-parse refs/remotes/origin/main [30ms]
2025-07-16 14:15:36.419 [info] > git config --get commit.template [44ms]
2025-07-16 14:15:36.427 [info] > git status -z -uall [13ms]
2025-07-16 14:15:36.427 [info] > git for-each-ref --sort -committerdate --format %(refname)%00%(objectname)%00%(*objectname) [8ms]
2025-07-16 14:15:36.430 [info] > git for-each-ref --format=%(refname)%00%(upstream:short)%00%(objectname)%00%(upstream:track)%00%(upstream:remotename)%00%(upstream:remoteref) refs/heads/origin/master refs/remotes/origin/master [21ms]
2025-07-16 14:15:36.438 [info] > git merge-base refs/heads/master refs/remotes/origin/master [34ms]
2025-07-16 14:15:36.453 [info] > git status -z -uall [757ms]
2025-07-16 14:15:36.453 [info] > git merge-base refs/heads/master refs/remotes/origin/master [16ms]
2025-07-16 14:15:36.459 [info] > git for-each-ref --format=%(refname)%00%(upstream:short)%00%(objectname)%00%(upstream:track)%00%(upstream:remotename)%00%(upstream:remoteref) refs/heads/master refs/remotes/master [33ms]
2025-07-16 14:15:36.474 [warning] [Git][revParse] Unable to read file: ENOENT: no such file or directory, open '/home/slim/yay/.git/refs/remotes/origin/master'
2025-07-16 14:15:36.479 [info] > git for-each-ref --format=%(refname)%00%(upstream:short)%00%(objectname)%00%(upstream:track)%00%(upstream:remotename)%00%(upstream:remoteref) refs/heads/master refs/remotes/master [13ms]
2025-07-16 14:15:36.488 [info] > git diff --name-status -z --diff-filter=ADMR fa25964d30c21d9a42694b734e96f1b173c4b555...refs/remotes/origin/master [29ms]
2025-07-16 14:15:36.489 [info] > git for-each-ref --format=%(refname)%00%(upstream:short)%00%(objectname)%00%(upstream:track)%00%(upstream:remotename)%00%(upstream:remoteref) refs/heads/master refs/remotes/master [36ms]
2025-07-16 14:15:36.489 [info] > git for-each-ref --format=%(refname)%00%(upstream:short)%00%(objectname)%00%(upstream:track)%00%(upstream:remotename)%00%(upstream:remoteref) refs/heads/master refs/remotes/master [41ms]
2025-07-16 14:15:36.489 [warning] [Git][getBranch] No such branch: master
2025-07-16 14:15:36.499 [info] > git diff --name-status -z --diff-filter=ADMR 59714d8ae3dc1e5790228c1faeef8283b0c0101f...refs/remotes/origin/master [55ms]
2025-07-16 14:15:36.505 [warning] [Git][revParse] Unable to read file: ENOENT: no such file or directory, open '/home/slim/DENv/.git/refs/remotes/origin/master'
2025-07-16 14:15:36.507 [info] > git status -z -uall [14ms]
2025-07-16 14:15:36.507 [info] > git for-each-ref --sort -committerdate --format %(refname)%00%(objectname)%00%(*objectname) [9ms]
2025-07-16 14:15:36.509 [info] > git config --get --local branch.master.vscode-merge-base [21ms]
2025-07-16 14:15:36.514 [info] > git config --get commit.template [36ms]
2025-07-16 14:15:36.514 [info] > git rev-parse refs/remotes/origin/master [40ms]
2025-07-16 14:15:36.526 [info] > git status -z -uall [7ms]
2025-07-16 14:15:36.527 [info] > git for-each-ref --format=%(refname)%00%(upstream:short)%00%(objectname)%00%(upstream:track)%00%(upstream:remotename)%00%(upstream:remoteref) refs/heads/origin/master refs/remotes/origin/master [13ms]
2025-07-16 14:15:36.532 [info] > git rev-parse refs/remotes/origin/master [27ms]
2025-07-16 14:15:36.551 [info] > git for-each-ref --sort -committerdate --format %(refname)%00%(objectname)%00%(*objectname) [8ms]
2025-07-16 14:15:36.551 [info] > git merge-base refs/heads/master refs/remotes/origin/master [19ms]
2025-07-16 14:15:36.558 [info] > git for-each-ref --sort -committerdate --format %(refname)%00%(objectname)%00%(*objectname) [33ms]
2025-07-16 14:15:36.561 [info] > git diff --name-status -z --diff-filter=ADMR 389083ce1ac53b8c71eccbafcd77eb42da04cc35...refs/remotes/origin/master [3ms]
2025-07-16 14:15:36.562 [info] > git for-each-ref --format=%(refname)%00%(upstream:short)%00%(objectname)%00%(upstream:track)%00%(upstream:remotename)%00%(upstream:remoteref) refs/heads/master refs/remotes/master [12ms]
2025-07-16 14:15:36.569 [warning] [Git][revParse] Unable to read file: ENOENT: no such file or directory, open '/home/slim/Tela-circle-icon-theme/.git/refs/remotes/origin/master'
2025-07-16 14:15:36.570 [info] > git rev-parse refs/remotes/origin/master [1ms]
2025-07-16 14:15:36.589 [info] > git for-each-ref --sort -committerdate --format %(refname)%00%(objectname)%00%(*objectname) [3ms]
2025-07-16 14:15:36.683 [info] > git check-ignore -v -z --stdin [2ms]
2025-07-16 14:15:36.784 [info] > git status -z -uall [208ms]
2025-07-16 14:15:37.169 [info] > git status -z -uall [631ms]
2025-07-16 14:15:37.597 [info] > git status -z -uall [1588ms]
2025-07-16 14:15:37.609 [info] > git for-each-ref --format=%(refname)%00%(upstream:short)%00%(objectname)%00%(upstream:track)%00%(upstream:remotename)%00%(upstream:remoteref) refs/heads/master refs/remotes/master [5ms]
2025-07-16 14:15:37.614 [info] > git config --get --local branch.master.vscode-merge-base [1ms]
2025-07-16 14:15:37.619 [info] > git config --get commit.template [10ms]
2025-07-16 14:15:37.628 [info] > git for-each-ref --format=%(refname)%00%(upstream:short)%00%(objectname)%00%(upstream:track)%00%(upstream:remotename)%00%(upstream:remoteref) refs/heads/origin/master refs/remotes/origin/master [9ms]
2025-07-16 14:15:37.639 [info] > git merge-base refs/heads/master refs/remotes/origin/master [2ms]
2025-07-16 14:15:37.648 [info] > git for-each-ref --format=%(refname)%00%(upstream:short)%00%(objectname)%00%(upstream:track)%00%(upstream:remotename)%00%(upstream:remoteref) refs/heads/master refs/remotes/master [21ms]
2025-07-16 14:15:37.650 [info] > git diff --name-status -z --diff-filter=ADMR 49adec1396924756068a679b6f84dc9617ab2c03...refs/remotes/origin/master [2ms]
2025-07-16 14:15:37.658 [warning] [Git][revParse] Unable to read file: ENOENT: no such file or directory, open '/home/slim/ladybird/.git/refs/remotes/origin/master'
2025-07-16 14:15:37.659 [info] > git rev-parse refs/remotes/origin/master [1ms]
2025-07-16 14:15:37.672 [info] > git for-each-ref --sort -committerdate --format %(refname)%00%(objectname)%00%(*objectname) [2ms]
2025-07-16 14:15:38.463 [info] > git status -z -uall [799ms]
2025-07-16 14:15:40.049 [info] > git show --textconv :Configs/.local/share/denv/hyprlock.conf [5ms]
2025-07-16 14:15:40.050 [info] > git ls-files --stage -- Configs/.local/share/denv/hyprlock.conf [1ms]
2025-07-16 14:15:40.057 [info] > git cat-file -s d8f5fbc59c0bc561d142930b390b031602af5607 [1ms]
2025-07-16 14:15:40.104 [info] > git blame --root --incremental fa25964d30c21d9a42694b734e96f1b173c4b555 -- Configs/.local/share/denv/hyprlock.conf [29ms]
2025-07-16 14:15:40.500 [info] > git check-ignore -v -z --stdin [2ms]
2025-07-16 14:15:44.979 [info] > git check-ignore -v -z --stdin [5ms]
2025-07-16 14:15:44.981 [info] > git check-ignore -v -z --stdin [2ms]
2025-07-16 14:15:47.865 [info] > git check-ignore -v -z --stdin [21ms]
2025-07-16 14:15:47.865 [info] > git check-ignore -v -z --stdin [17ms]
2025-07-16 14:15:47.865 [info] > git check-ignore -v -z --stdin [11ms]
2025-07-16 14:15:47.866 [info] > git check-ignore -v -z --stdin [3ms]
2025-07-16 14:15:47.866 [info] > git check-ignore -v -z --stdin [8ms]
2025-07-16 14:15:49.311 [info] > git check-ignore -v -z --stdin [5ms]
2025-07-16 14:15:49.312 [info] > git check-ignore -v -z --stdin [1ms]
2025-07-16 14:15:53.971 [info] > git rev-parse --show-toplevel [2ms]
2025-07-16 14:15:53.971 [info] fatal: not a git repository (or any of the parent directories): .git
