This file contains any messages produced by compilers while
running configure, to aid debugging if configure makes a mistake.

It was created by deadbeef configure 1.10.0, which was
generated by GNU Autoconf 2.69.  Invocation command line was

  $ ./configure --prefix=/usr --disable-gtk2

## --------- ##
## Platform. ##
## --------- ##

hostname = slim-laptop
uname -m = x86_64
uname -r = 6.14.9-arch1-1
uname -s = Linux
uname -v = #1 SMP PREEMPT_DYNAMIC Thu, 29 May 2025 21:42:15 +0000

/usr/bin/uname -p = unknown
/bin/uname -X     = unknown

/bin/arch              = unknown
/usr/bin/arch -k       = unknown
/usr/convex/getsysinfo = unknown
/usr/bin/hostinfo      = unknown
/bin/machine           = unknown
/usr/bin/oslevel       = unknown
/bin/universe          = unknown

PATH: /opt/rocm/bin
PATH: /opt/rocm/bin
PATH: /home/slim/.local/bin
PATH: /opt/rocm/bin
PATH: /home/slim/.local/bin
PATH: /home/slim/.local/bin
PATH: /home/slim/.local/lib/denv
PATH: .
PATH: /opt/rocm/bin
PATH: /home/slim/.local/bin
PATH: /opt/rocm/bin
PATH: /home/slim/.local/bin
PATH: /sbin
PATH: /bin
PATH: /usr/local/sbin
PATH: /usr/local/bin
PATH: /usr/sbin
PATH: /usr/bin
PATH: /var/lib/flatpak/exports/bin
PATH: /usr/bin/site_perl
PATH: /usr/bin/vendor_perl
PATH: /usr/bin/core_perl


## ----------- ##
## Core tests. ##
## ----------- ##

configure:3195: checking for a BSD-compatible install
configure:3263: result: /bin/install -c
configure:3274: checking whether build environment is sane
configure:3329: result: yes
configure:3480: checking for a thread-safe mkdir -p
configure:3519: result: /sbin/mkdir -p
configure:3526: checking for gawk
configure:3542: found /sbin/gawk
configure:3553: result: gawk
configure:3564: checking whether make sets $(MAKE)
configure:3586: result: yes
configure:3615: checking whether make supports nested variables
configure:3632: result: yes
configure:3721: checking whether UID '1000' is supported by ustar format
configure:3724: result: yes
configure:3731: checking whether GID '1000' is supported by ustar format
configure:3734: result: yes
configure:3742: checking how to create a ustar tar archive
configure:3753: tar --version
tar (GNU tar) 1.35
Copyright (C) 2023 Free Software Foundation, Inc.
License GPLv3+: GNU GPL version 3 or later <https://gnu.org/licenses/gpl.html>.
This is free software: you are free to change and redistribute it.
There is NO WARRANTY, to the extent permitted by law.

Written by John Gilmore and Jay Fenlason.
configure:3756: $? = 0
configure:3796: tardir=conftest.dir && eval tar --format=ustar -chf - "$tardir" >conftest.tar
configure:3799: $? = 0
configure:3803: tar -xf - <conftest.tar
configure:3806: $? = 0
configure:3808: cat conftest.dir/file
GrepMe
configure:3811: $? = 0
configure:3824: result: gnutar
configure:3885: checking whether make supports nested variables
configure:3902: result: yes
configure:3914: checking whether to enable maintainer-specific portions of Makefiles
configure:3923: result: no
configure:3984: checking for gcc
configure:4011: result: clang
configure:4240: checking for C compiler version
configure:4249: clang --version >&5
clang: error while loading shared libraries: libLLVM.so.20.1: cannot open shared object file: No such file or directory
configure:4260: $? = 127
configure:4249: clang -v >&5
clang: error while loading shared libraries: libLLVM.so.20.1: cannot open shared object file: No such file or directory
configure:4260: $? = 127
configure:4249: clang -V >&5
clang: error while loading shared libraries: libLLVM.so.20.1: cannot open shared object file: No such file or directory
configure:4260: $? = 127
configure:4249: clang -qversion >&5
clang: error while loading shared libraries: libLLVM.so.20.1: cannot open shared object file: No such file or directory
configure:4260: $? = 127
configure:4280: checking whether the C compiler works
configure:4302: clang -march=x86-64 -mtune=generic -O2 -pipe -fno-plt -fexceptions         -Wp,-D_FORTIFY_SOURCE=3 -Wformat -Werror=format-security         -fstack-clash-protection -fcf-protection         -fno-omit-frame-pointer -mno-omit-leaf-frame-pointer -g -ffile-prefix-map=/home/slim/.cache/yay/deadbeef/src=/usr/src/debug/deadbeef -flto=auto  -Wl,-O1 -Wl,--sort-common -Wl,--as-needed -Wl,-z,relro -Wl,-z,now          -Wl,-z,pack-relative-relocs -flto=auto conftest.c  >&5
clang: error while loading shared libraries: libLLVM.so.20.1: cannot open shared object file: No such file or directory
configure:4306: $? = 127
configure:4344: result: no
configure: failed program was:
| /* confdefs.h */
| #define PACKAGE_NAME "deadbeef"
| #define PACKAGE_TARNAME "deadbeef"
| #define PACKAGE_VERSION "1.10.0"
| #define PACKAGE_STRING "deadbeef 1.10.0"
| #define PACKAGE_BUGREPORT ""
| #define PACKAGE_URL ""
| #define PACKAGE "deadbeef"
| #define VERSION "1.10.0"
| /* end confdefs.h.  */
| 
| int
| main ()
| {
| 
|   ;
|   return 0;
| }
configure:4349: error: in `/home/slim/.cache/yay/deadbeef/src/deadbeef-1.10.0':
configure:4351: error: C compiler cannot create executables
See `config.log' for more details

## ---------------- ##
## Cache variables. ##
## ---------------- ##

ac_cv_env_ALSA_DEPS_CFLAGS_set=
ac_cv_env_ALSA_DEPS_CFLAGS_value=
ac_cv_env_ALSA_DEPS_LIBS_set=
ac_cv_env_ALSA_DEPS_LIBS_value=
ac_cv_env_CCC_set=
ac_cv_env_CCC_value=
ac_cv_env_CC_set=set
ac_cv_env_CC_value=clang
ac_cv_env_CFLAGS_set=set
ac_cv_env_CFLAGS_value='-march=x86-64 -mtune=generic -O2 -pipe -fno-plt -fexceptions         -Wp,-D_FORTIFY_SOURCE=3 -Wformat -Werror=format-security         -fstack-clash-protection -fcf-protection         -fno-omit-frame-pointer -mno-omit-leaf-frame-pointer -g -ffile-prefix-map=/home/slim/.cache/yay/deadbeef/src=/usr/src/debug/deadbeef -flto=auto'
ac_cv_env_CPPFLAGS_set=
ac_cv_env_CPPFLAGS_value=
ac_cv_env_CPP_set=
ac_cv_env_CPP_value=
ac_cv_env_CXXCPP_set=
ac_cv_env_CXXCPP_value=
ac_cv_env_CXXFLAGS_set=set
ac_cv_env_CXXFLAGS_value='-march=x86-64 -mtune=generic -O2 -pipe -fno-plt -fexceptions         -Wp,-D_FORTIFY_SOURCE=3 -Wformat -Werror=format-security         -fstack-clash-protection -fcf-protection         -fno-omit-frame-pointer -mno-omit-leaf-frame-pointer -Wp,-D_GLIBCXX_ASSERTIONS -g -ffile-prefix-map=/home/slim/.cache/yay/deadbeef/src=/usr/src/debug/deadbeef -flto=auto'
ac_cv_env_CXX_set=set
ac_cv_env_CXX_value=clang++
ac_cv_env_DBUS_DEPS_CFLAGS_set=
ac_cv_env_DBUS_DEPS_CFLAGS_value=
ac_cv_env_DBUS_DEPS_LIBS_set=
ac_cv_env_DBUS_DEPS_LIBS_value=
ac_cv_env_FFMPEG_DEPS_CFLAGS_set=
ac_cv_env_FFMPEG_DEPS_CFLAGS_value=
ac_cv_env_FFMPEG_DEPS_LIBS_set=
ac_cv_env_FFMPEG_DEPS_LIBS_value=
ac_cv_env_GTK2_DEPS_CFLAGS_set=
ac_cv_env_GTK2_DEPS_CFLAGS_value=
ac_cv_env_GTK2_DEPS_LIBS_set=
ac_cv_env_GTK2_DEPS_LIBS_value=
ac_cv_env_GTK3_DEPS_CFLAGS_set=
ac_cv_env_GTK3_DEPS_CFLAGS_value=
ac_cv_env_GTK3_DEPS_LIBS_set=
ac_cv_env_GTK3_DEPS_LIBS_value=
ac_cv_env_JANSSON_CFLAGS_set=
ac_cv_env_JANSSON_CFLAGS_value=
ac_cv_env_JANSSON_LIBS_set=
ac_cv_env_JANSSON_LIBS_value=
ac_cv_env_LDFLAGS_set=set
ac_cv_env_LDFLAGS_value='-Wl,-O1 -Wl,--sort-common -Wl,--as-needed -Wl,-z,relro -Wl,-z,now          -Wl,-z,pack-relative-relocs -flto=auto'
ac_cv_env_LIBSAMPLERATE_DEPS_CFLAGS_set=
ac_cv_env_LIBSAMPLERATE_DEPS_CFLAGS_value=
ac_cv_env_LIBSAMPLERATE_DEPS_LIBS_set=
ac_cv_env_LIBSAMPLERATE_DEPS_LIBS_value=
ac_cv_env_LIBS_set=
ac_cv_env_LIBS_value=
ac_cv_env_LT_SYS_LIBRARY_PATH_set=
ac_cv_env_LT_SYS_LIBRARY_PATH_value=
ac_cv_env_NOTIFY_DEPS_CFLAGS_set=
ac_cv_env_NOTIFY_DEPS_CFLAGS_value=
ac_cv_env_NOTIFY_DEPS_LIBS_set=
ac_cv_env_NOTIFY_DEPS_LIBS_value=
ac_cv_env_OBJCFLAGS_set=
ac_cv_env_OBJCFLAGS_value=
ac_cv_env_OBJC_set=
ac_cv_env_OBJC_value=
ac_cv_env_OPUS_CFLAGS_set=
ac_cv_env_OPUS_CFLAGS_value=
ac_cv_env_OPUS_LIBS_set=
ac_cv_env_OPUS_LIBS_value=
ac_cv_env_PIPEWIRE_DEPS_CFLAGS_set=
ac_cv_env_PIPEWIRE_DEPS_CFLAGS_value=
ac_cv_env_PIPEWIRE_DEPS_LIBS_set=
ac_cv_env_PIPEWIRE_DEPS_LIBS_value=
ac_cv_env_PKG_CONFIG_LIBDIR_set=
ac_cv_env_PKG_CONFIG_LIBDIR_value=
ac_cv_env_PKG_CONFIG_PATH_set=
ac_cv_env_PKG_CONFIG_PATH_value=
ac_cv_env_PKG_CONFIG_set=
ac_cv_env_PKG_CONFIG_value=
ac_cv_env_PULSE_DEPS_CFLAGS_set=
ac_cv_env_PULSE_DEPS_CFLAGS_value=
ac_cv_env_PULSE_DEPS_LIBS_set=
ac_cv_env_PULSE_DEPS_LIBS_value=
ac_cv_env_ZIP_CFLAGS_set=
ac_cv_env_ZIP_CFLAGS_value=
ac_cv_env_ZIP_LIBS_set=
ac_cv_env_ZIP_LIBS_value=
ac_cv_env_build_alias_set=
ac_cv_env_build_alias_value=
ac_cv_env_host_alias_set=
ac_cv_env_host_alias_value=
ac_cv_env_target_alias_set=
ac_cv_env_target_alias_value=
ac_cv_path_install='/bin/install -c'
ac_cv_path_mkdir=/sbin/mkdir
ac_cv_prog_AWK=gawk
ac_cv_prog_ac_ct_CC=clang
ac_cv_prog_make_make_set=yes
am_cv_make_support_nested_variables=yes
am_cv_prog_tar_ustar=gnutar

## ----------------- ##
## Output variables. ##
## ----------------- ##

ACLOCAL='${SHELL} /home/slim/.cache/yay/deadbeef/src/deadbeef-1.10.0/missing aclocal-1.15'
ALLOCA=''
ALLOCA_H_CFLAGS=''
ALL_LINGUAS=''
ALSA_DEPS_CFLAGS=''
ALSA_DEPS_LIBS=''
AMTAR='$${TAR-tar}'
AM_BACKSLASH='\'
AM_DEFAULT_V='$(AM_DEFAULT_VERBOSITY)'
AM_DEFAULT_VERBOSITY='0'
AM_V='$(V)'
APE_USE_YASM_FALSE=''
APE_USE_YASM_TRUE=''
AR=''
ARTWORK_USE_VFS_CURL_FALSE=''
ARTWORK_USE_VFS_CURL_TRUE=''
AUTOCONF='${SHELL} /home/slim/.cache/yay/deadbeef/src/deadbeef-1.10.0/missing autoconf'
AUTOHEADER='${SHELL} /home/slim/.cache/yay/deadbeef/src/deadbeef-1.10.0/missing autoheader'
AUTOMAKE='${SHELL} /home/slim/.cache/yay/deadbeef/src/deadbeef-1.10.0/missing automake-1.15'
AWK='gawk'
BUILD_INCLUDED_LIBINTL=''
CATOBJEXT=''
CC='clang'
CDDA_CFLAGS=''
CDDA_LIBS=''
CFLAGS='-march=x86-64 -mtune=generic -O2 -pipe -fno-plt -fexceptions         -Wp,-D_FORTIFY_SOURCE=3 -Wformat -Werror=format-security         -fstack-clash-protection -fcf-protection         -fno-omit-frame-pointer -mno-omit-leaf-frame-pointer -g -ffile-prefix-map=/home/slim/.cache/yay/deadbeef/src=/usr/src/debug/deadbeef -flto=auto'
CFLAG_VISIBILITY=''
COREAUDIO_LIBS=''
CPP=''
CPPFLAGS=''
CURL_CFLAGS=''
CURL_LIBS=''
CXX='clang++'
CXXCPP=''
CXXFLAGS='-march=x86-64 -mtune=generic -O2 -pipe -fno-plt -fexceptions         -Wp,-D_FORTIFY_SOURCE=3 -Wformat -Werror=format-security         -fstack-clash-protection -fcf-protection         -fno-omit-frame-pointer -mno-omit-leaf-frame-pointer -Wp,-D_GLIBCXX_ASSERTIONS -g -ffile-prefix-map=/home/slim/.cache/yay/deadbeef/src=/usr/src/debug/deadbeef -flto=auto'
CYGPATH_W='echo'
DATADIRNAME=''
DBUS_DEPS_CFLAGS=''
DBUS_DEPS_LIBS=''
DEFS=''
DISPATCH_CFLAGS=''
DISPATCH_LIBS=''
DLLTOOL=''
DL_LIBS=''
DSYMUTIL=''
DUMPBIN=''
ECHO_C=''
ECHO_N='-n'
ECHO_T=''
EGREP=''
EXEEXT=''
FAAD2_CFLAGS=''
FAAD2_LIBS=''
FFMPEG_DEPS_CFLAGS=''
FFMPEG_DEPS_LIBS=''
FGREP=''
FLAC_CFLAGS=''
FLAC_LIBS=''
GENCAT=''
GETTEXT_MACRO_VERSION=''
GETTEXT_PACKAGE=''
GLIBC21=''
GLIBC2=''
GLIB_COMPILE_RESOURCES=''
GMSGFMT=''
GMSGFMT_015=''
GREP=''
GTK2_DEPS_CFLAGS=''
GTK2_DEPS_LIBS=''
GTK3_DEPS_CFLAGS=''
GTK3_DEPS_LIBS=''
HAVE_AAC_FALSE=''
HAVE_AAC_TRUE=''
HAVE_ADPLUG_FALSE=''
HAVE_ADPLUG_TRUE=''
HAVE_ALAC_FALSE=''
HAVE_ALAC_TRUE=''
HAVE_ALSA_FALSE=''
HAVE_ALSA_TRUE=''
HAVE_ARTWORK_FALSE=''
HAVE_ARTWORK_TRUE=''
HAVE_ASPRINTF=''
HAVE_CDDA_FALSE=''
HAVE_CDDA_TRUE=''
HAVE_CONVERTER_FALSE=''
HAVE_CONVERTER_TRUE=''
HAVE_COREAUDIO_FALSE=''
HAVE_COREAUDIO_TRUE=''
HAVE_DCA_FALSE=''
HAVE_DCA_TRUE=''
HAVE_DSP_SRC_FALSE=''
HAVE_DSP_SRC_TRUE=''
HAVE_DUMB_FALSE=''
HAVE_DUMB_TRUE=''
HAVE_FFAP_FALSE=''
HAVE_FFAP_TRUE=''
HAVE_FFMPEG_FALSE=''
HAVE_FFMPEG_TRUE=''
HAVE_FLAC_FALSE=''
HAVE_FLAC_TRUE=''
HAVE_GME_FALSE=''
HAVE_GME_TRUE=''
HAVE_GTK2_FALSE=''
HAVE_GTK2_TRUE=''
HAVE_GTK3_FALSE=''
HAVE_GTK3_TRUE=''
HAVE_HOTKEYS_FALSE=''
HAVE_HOTKEYS_TRUE=''
HAVE_LASTFM_FALSE=''
HAVE_LASTFM_TRUE=''
HAVE_LIBMAD_FALSE=''
HAVE_LIBMAD_TRUE=''
HAVE_LIBMPG123_FALSE=''
HAVE_LIBMPG123_TRUE=''
HAVE_LIBRETRO_FALSE=''
HAVE_LIBRETRO_TRUE=''
HAVE_M3U_FALSE=''
HAVE_M3U_TRUE=''
HAVE_MEDIALIB_FALSE=''
HAVE_MEDIALIB_TRUE=''
HAVE_MMS_FALSE=''
HAVE_MMS_TRUE=''
HAVE_MONO2STEREO_FALSE=''
HAVE_MONO2STEREO_TRUE=''
HAVE_MP3_FALSE=''
HAVE_MP3_TRUE=''
HAVE_MUSEPACK_FALSE=''
HAVE_MUSEPACK_TRUE=''
HAVE_NEWLOCALE=''
HAVE_NOTIFY_FALSE=''
HAVE_NOTIFY_TRUE=''
HAVE_NULLOUT_FALSE=''
HAVE_NULLOUT_TRUE=''
HAVE_OGG_FALSE=''
HAVE_OGG_STREAM_FLUSH_FILL_FALSE=''
HAVE_OGG_STREAM_FLUSH_FILL_TRUE=''
HAVE_OGG_TRUE=''
HAVE_OPUS_FALSE=''
HAVE_OPUS_TRUE=''
HAVE_OSS_FALSE=''
HAVE_OSS_TRUE=''
HAVE_PIPEWIRE_FALSE=''
HAVE_PIPEWIRE_TRUE=''
HAVE_PLTBROWSER_FALSE=''
HAVE_PLTBROWSER_TRUE=''
HAVE_POSIX_PRINTF=''
HAVE_PSF_FALSE=''
HAVE_PSF_TRUE=''
HAVE_PULSE_FALSE=''
HAVE_PULSE_TRUE=''
HAVE_RGSCANNER_FALSE=''
HAVE_RGSCANNER_TRUE=''
HAVE_SC68_FALSE=''
HAVE_SC68_TRUE=''
HAVE_SHELLEXECUI_FALSE=''
HAVE_SHELLEXECUI_TRUE=''
HAVE_SHELLEXEC_FALSE=''
HAVE_SHELLEXEC_TRUE=''
HAVE_SHN_FALSE=''
HAVE_SHN_TRUE=''
HAVE_SID_FALSE=''
HAVE_SID_TRUE=''
HAVE_SNDFILE_FALSE=''
HAVE_SNDFILE_TRUE=''
HAVE_SNPRINTF=''
HAVE_SOUNDTOUCH_FALSE=''
HAVE_SOUNDTOUCH_TRUE=''
HAVE_SSE2_FALSE=''
HAVE_SSE2_TRUE=''
HAVE_SUPEREQ_FALSE=''
HAVE_SUPEREQ_TRUE=''
HAVE_TTA_FALSE=''
HAVE_TTA_TRUE=''
HAVE_VFS_CURL_FALSE=''
HAVE_VFS_CURL_TRUE=''
HAVE_VFS_ZIP_FALSE=''
HAVE_VFS_ZIP_TRUE=''
HAVE_VISIBILITY=''
HAVE_VORBIS_FALSE=''
HAVE_VORBIS_TRUE=''
HAVE_VTX_FALSE=''
HAVE_VTX_TRUE=''
HAVE_WAVPACK_FALSE=''
HAVE_WAVPACK_TRUE=''
HAVE_WILDMIDI_FALSE=''
HAVE_WILDMIDI_TRUE=''
HAVE_WMA_FALSE=''
HAVE_WMA_TRUE=''
HAVE_WPRINTF=''
HAVE_YASM=''
HAVE_YASM_FALSE=''
HAVE_YASM_TRUE=''
HOTKEYS_CFLAGS=''
HOTKEYS_LIBS=''
ICONV_LIB=''
INSANE_CFLAGS=''
INSANE_CXXFLAGS=''
INSTALL_DATA='${INSTALL} -m 644'
INSTALL_PROGRAM='${INSTALL}'
INSTALL_SCRIPT='${INSTALL}'
INSTALL_STRIP_PROGRAM='$(install_sh) -c -s'
INSTOBJEXT=''
INTLBISON=''
INTLLIBS=''
INTLOBJS=''
INTLTOOL_CAVES_RULE=''
INTLTOOL_DESKTOP_RULE=''
INTLTOOL_DIRECTORY_RULE=''
INTLTOOL_EXTRACT=''
INTLTOOL_KBD_RULE=''
INTLTOOL_KEYS_RULE=''
INTLTOOL_MERGE=''
INTLTOOL_OAF_RULE=''
INTLTOOL_PERL=''
INTLTOOL_POLICY_RULE=''
INTLTOOL_PONG_RULE=''
INTLTOOL_PROP_RULE=''
INTLTOOL_SCHEMAS_RULE=''
INTLTOOL_SERVER_RULE=''
INTLTOOL_SERVICE_RULE=''
INTLTOOL_SHEET_RULE=''
INTLTOOL_SOUNDLIST_RULE=''
INTLTOOL_THEME_RULE=''
INTLTOOL_UI_RULE=''
INTLTOOL_UPDATE=''
INTLTOOL_V_MERGE=''
INTLTOOL_V_MERGE_OPTIONS=''
INTLTOOL_XAM_RULE=''
INTLTOOL_XML_NOMERGE_RULE=''
INTLTOOL_XML_RULE=''
INTLTOOL__v_MERGE_0=''
INTLTOOL__v_MERGE_=''
INTL_DEFAULT_VERBOSITY=''
INTL_LIBTOOL_SUFFIX_PREFIX=''
INTL_MACOSX_LIBS=''
JANSSON_CFLAGS=''
JANSSON_LIBS=''
LD=''
LDFLAGS='-Wl,-O1 -Wl,--sort-common -Wl,--as-needed -Wl,-z,relro -Wl,-z,now          -Wl,-z,pack-relative-relocs -flto=auto'
LIB=''
LIBICONV=''
LIBINTL=''
LIBMMS_LIBS=''
LIBMULTITHREAD=''
LIBOBJS=''
LIBPTH=''
LIBPTH_PREFIX=''
LIBS=''
LIBSAMPLERATE_DEPS_CFLAGS=''
LIBSAMPLERATE_DEPS_LIBS=''
LIBTHREAD=''
LIBTOOL=''
LIPO=''
LN_S=''
LTLIBC=''
LTLIBICONV=''
LTLIBINTL=''
LTLIBMULTITHREAD=''
LTLIBOBJS=''
LTLIBPTH=''
LTLIBTHREAD=''
LT_SYS_LIBRARY_PATH=''
MAD_CFLAGS=''
MAD_LIBS=''
MAINT='#'
MAINTAINER_MODE_FALSE=''
MAINTAINER_MODE_TRUE='#'
MAKEINFO='${SHELL} /home/slim/.cache/yay/deadbeef/src/deadbeef-1.10.0/missing makeinfo'
MANIFEST_TOOL=''
MKDIR_P='/sbin/mkdir -p'
MPG123_CFLAGS=''
MPG123_LIBS=''
MSGFMT=''
MSGFMT_015=''
MSGMERGE=''
NM=''
NMEDIT=''
NOCPPLIB=''
NOTIFY_CFLAGS=''
NOTIFY_DEPS_CFLAGS=''
NOTIFY_DEPS_LIBS=''
NOTIFY_LIBS=''
OBJC=''
OBJCFLAGS=''
OBJDUMP=''
OBJEXT=''
OGG_CFLAGS=''
OGG_LIBS=''
OPUS_CFLAGS=''
OPUS_LIBS=''
OSS_CFLAGS=''
OS_OSX_FALSE=''
OS_OSX_TRUE=''
OTOOL64=''
OTOOL=''
PACKAGE='deadbeef'
PACKAGE_BUGREPORT=''
PACKAGE_NAME='deadbeef'
PACKAGE_STRING='deadbeef 1.10.0'
PACKAGE_TARNAME='deadbeef'
PACKAGE_URL=''
PACKAGE_VERSION='1.10.0'
PATH_SEPARATOR=':'
PIPEWIRE_DEPS_CFLAGS=''
PIPEWIRE_DEPS_LIBS=''
PKG_CONFIG=''
PKG_CONFIG_LIBDIR=''
PKG_CONFIG_PATH=''
PLUGINS_DIRS=''
PORTABLE_FALSE=''
PORTABLE_FULL_FALSE=''
PORTABLE_FULL_TRUE=''
PORTABLE_TRUE=''
POSUB=''
PRI_MACROS_BROKEN=''
PULSE_DEPS_CFLAGS=''
PULSE_DEPS_LIBS=''
RANLIB=''
SED=''
SET_MAKE=''
SHELL='/bin/sh'
SNDFILE_CFLAGS=''
SNDFILE_LIBS=''
STATICLINK_FALSE=''
STATICLINK_TRUE=''
STRIP=''
USE_ABSTRACT_SOCKET_NAME_FALSE=''
USE_ABSTRACT_SOCKET_NAME_TRUE=''
USE_CDPARANOIA_FALSE=''
USE_CDPARANOIA_TRUE=''
USE_INCLUDED_LIBINTL=''
USE_NLS=''
VERSION='1.10.0'
VORBIS_CFLAGS=''
VORBIS_LIBS=''
WAVPACK_CFLAGS=''
WAVPACK_LIBS=''
WINDRES=''
WOE32=''
WOE32DLL=''
XGETTEXT=''
XGETTEXT_015=''
XGETTEXT_EXTRA_OPTIONS=''
YASM_FLAGS=''
ZIP_CFLAGS=''
ZIP_LIBS=''
ZLIB_CFLAGS=''
ZLIB_LIBS=''
ac_ct_AR=''
ac_ct_CC='clang'
ac_ct_CXX=''
ac_ct_DUMPBIN=''
ac_ct_OBJC=''
am__EXEEXT_FALSE=''
am__EXEEXT_TRUE=''
am__isrc=''
am__leading_dot='.'
am__tar='tar --format=ustar -chf - "$$tardir"'
am__untar='tar -xf -'
bindir='${exec_prefix}/bin'
build=''
build_alias=''
build_cpu=''
build_os=''
build_vendor=''
datadir='${datarootdir}'
datarootdir='${prefix}/share'
docdir='${datarootdir}/doc/${PACKAGE_TARNAME}'
dvidir='${docdir}'
exec_prefix='NONE'
host=''
host_alias=''
host_cpu=''
host_os=''
host_vendor=''
htmldir='${docdir}'
includedir='${prefix}/include'
infodir='${datarootdir}/info'
install_sh='${SHELL} /home/slim/.cache/yay/deadbeef/src/deadbeef-1.10.0/install-sh'
intltool__v_merge_options_0=''
intltool__v_merge_options_=''
libdir='${exec_prefix}/lib'
libexecdir='${exec_prefix}/libexec'
localedir='${datarootdir}/locale'
localstatedir='${prefix}/var'
mandir='${datarootdir}/man'
mkdir_p='$(MKDIR_P)'
oldincludedir='/usr/include'
pdfdir='${docdir}'
prefix='/usr'
program_transform_name='s,x,x,'
psdir='${docdir}'
runstatedir='${localstatedir}/run'
sbindir='${exec_prefix}/sbin'
sharedstatedir='${prefix}/com'
sysconfdir='${prefix}/etc'
target_alias=''

## ----------- ##
## confdefs.h. ##
## ----------- ##

/* confdefs.h */
#define PACKAGE_NAME "deadbeef"
#define PACKAGE_TARNAME "deadbeef"
#define PACKAGE_VERSION "1.10.0"
#define PACKAGE_STRING "deadbeef 1.10.0"
#define PACKAGE_BUGREPORT ""
#define PACKAGE_URL ""
#define PACKAGE "deadbeef"
#define VERSION "1.10.0"

configure: exit 77
