2025-07-19 11:16:54.304 [info] Reading sessions from keychain...
2025-07-19 11:16:54.304 [info] Getting sessions for all scopes...
2025-07-19 11:16:54.304 [info] Getting sessions for all scopes...
2025-07-19 11:16:54.304 [info] Getting sessions for all scopes...
2025-07-19 11:16:54.304 [info] Got 0 sessions for ...
2025-07-19 11:16:54.304 [info] Got 0 sessions for ...
2025-07-19 11:16:54.304 [info] Got 0 sessions for ...
2025-07-19 11:16:54.304 [info] Getting sessions for read:user,repo,user:email,workflow...
2025-07-19 11:16:54.304 [info] Got 0 sessions for read:user,repo,user:email,workflow...
2025-07-19 11:16:54.304 [info] Getting sessions for all scopes...
2025-07-19 11:16:54.304 [info] Got 0 sessions for ...
2025-07-19 11:16:54.304 [info] Getting sessions for all scopes...
2025-07-19 11:16:54.304 [info] Got 0 sessions for ...
2025-07-19 11:16:55.490 [info] Getting sessions for read:user,repo,user:email,workflow...
2025-07-19 11:16:55.490 [info] Got 0 sessions for read:user,repo,user:email,workflow...
2025-07-19 11:16:56.970 [info] Getting sessions for read:user,repo,user:email,workflow...
2025-07-19 11:16:56.970 [info] Got 0 sessions for read:user,repo,user:email,workflow...
2025-07-19 11:19:12.108 [info] Getting sessions for read:user,repo,user:email,workflow...
2025-07-19 11:19:12.109 [info] Got 0 sessions for read:user,repo,user:email,workflow...
2025-07-19 11:19:24.045 [info] Getting sessions for read:user,repo,user:email,workflow...
2025-07-19 11:19:24.045 [info] Got 0 sessions for read:user,repo,user:email,workflow...
2025-07-20 07:20:14.136 [info] Getting sessions for read:user,repo,user:email,workflow...
2025-07-20 07:20:14.137 [info] Got 0 sessions for read:user,repo,user:email,workflow...
2025-07-20 07:20:14.564 [info] Getting sessions for read:user,repo,user:email,workflow...
2025-07-20 07:20:14.564 [info] Got 0 sessions for read:user,repo,user:email,workflow...
2025-07-20 07:20:14.844 [info] Getting sessions for read:user,repo,user:email,workflow...
2025-07-20 07:20:14.844 [info] Got 0 sessions for read:user,repo,user:email,workflow...
2025-07-20 07:20:15.119 [info] Getting sessions for read:user,repo,user:email,workflow...
2025-07-20 07:20:15.119 [info] Got 0 sessions for read:user,repo,user:email,workflow...
2025-07-20 07:20:15.295 [info] Getting sessions for read:user,repo,user:email,workflow...
2025-07-20 07:20:15.295 [info] Got 0 sessions for read:user,repo,user:email,workflow...
2025-07-20 07:20:15.474 [info] Getting sessions for read:user,repo,user:email,workflow...
2025-07-20 07:20:15.474 [info] Got 0 sessions for read:user,repo,user:email,workflow...
2025-07-20 07:20:15.694 [info] Getting sessions for read:user,repo,user:email,workflow...
2025-07-20 07:20:15.694 [info] Got 0 sessions for read:user,repo,user:email,workflow...
2025-07-20 07:20:15.890 [info] Getting sessions for read:user,repo,user:email,workflow...
2025-07-20 07:20:15.890 [info] Got 0 sessions for read:user,repo,user:email,workflow...
2025-07-20 07:20:16.049 [info] Getting sessions for read:user,repo,user:email,workflow...
2025-07-20 07:20:16.049 [info] Got 0 sessions for read:user,repo,user:email,workflow...
2025-07-20 07:20:16.236 [info] Getting sessions for read:user,repo,user:email,workflow...
2025-07-20 07:20:16.236 [info] Got 0 sessions for read:user,repo,user:email,workflow...
2025-07-20 07:20:16.511 [info] Getting sessions for read:user,repo,user:email,workflow...
2025-07-20 07:20:16.511 [info] Got 0 sessions for read:user,repo,user:email,workflow...
2025-07-20 07:20:16.789 [info] Getting sessions for read:user,repo,user:email,workflow...
2025-07-20 07:20:16.789 [info] Got 0 sessions for read:user,repo,user:email,workflow...
2025-07-20 07:20:17.016 [info] Getting sessions for read:user,repo,user:email,workflow...
2025-07-20 07:20:17.017 [info] Got 0 sessions for read:user,repo,user:email,workflow...
2025-07-20 07:20:17.222 [info] Getting sessions for read:user,repo,user:email,workflow...
2025-07-20 07:20:17.222 [info] Got 0 sessions for read:user,repo,user:email,workflow...
2025-07-20 07:20:17.378 [info] Getting sessions for read:user,repo,user:email,workflow...
2025-07-20 07:20:17.378 [info] Got 0 sessions for read:user,repo,user:email,workflow...
2025-07-20 07:20:17.561 [info] Getting sessions for read:user,repo,user:email,workflow...
2025-07-20 07:20:17.561 [info] Got 0 sessions for read:user,repo,user:email,workflow...
2025-07-20 07:20:17.792 [info] Getting sessions for read:user,repo,user:email,workflow...
2025-07-20 07:20:17.792 [info] Got 0 sessions for read:user,repo,user:email,workflow...
2025-07-20 07:20:17.976 [info] Getting sessions for read:user,repo,user:email,workflow...
2025-07-20 07:20:17.976 [info] Got 0 sessions for read:user,repo,user:email,workflow...
2025-07-20 07:20:18.197 [info] Getting sessions for read:user,repo,user:email,workflow...
2025-07-20 07:20:18.197 [info] Got 0 sessions for read:user,repo,user:email,workflow...
2025-07-20 07:20:18.370 [info] Getting sessions for read:user,repo,user:email,workflow...
2025-07-20 07:20:18.370 [info] Got 0 sessions for read:user,repo,user:email,workflow...
2025-07-20 07:20:18.648 [info] Getting sessions for read:user,repo,user:email,workflow...
2025-07-20 07:20:18.648 [info] Got 0 sessions for read:user,repo,user:email,workflow...
2025-07-20 07:20:18.836 [info] Getting sessions for read:user,repo,user:email,workflow...
2025-07-20 07:20:18.836 [info] Got 0 sessions for read:user,repo,user:email,workflow...
2025-07-20 07:20:18.989 [info] Getting sessions for read:user,repo,user:email,workflow...
2025-07-20 07:20:18.989 [info] Got 0 sessions for read:user,repo,user:email,workflow...
2025-07-20 07:20:19.225 [info] Getting sessions for read:user,repo,user:email,workflow...
2025-07-20 07:20:19.225 [info] Got 0 sessions for read:user,repo,user:email,workflow...
2025-07-20 07:20:19.475 [info] Getting sessions for read:user,repo,user:email,workflow...
2025-07-20 07:20:19.475 [info] Got 0 sessions for read:user,repo,user:email,workflow...
2025-07-20 07:20:19.647 [info] Getting sessions for read:user,repo,user:email,workflow...
2025-07-20 07:20:19.647 [info] Got 0 sessions for read:user,repo,user:email,workflow...
2025-07-20 07:20:19.829 [info] Getting sessions for read:user,repo,user:email,workflow...
2025-07-20 07:20:19.829 [info] Got 0 sessions for read:user,repo,user:email,workflow...
2025-07-20 07:20:20.075 [info] Getting sessions for read:user,repo,user:email,workflow...
2025-07-20 07:20:20.075 [info] Got 0 sessions for read:user,repo,user:email,workflow...
2025-07-20 07:20:20.288 [info] Getting sessions for read:user,repo,user:email,workflow...
2025-07-20 07:20:20.288 [info] Got 0 sessions for read:user,repo,user:email,workflow...
2025-07-20 07:20:20.388 [info] Getting sessions for read:user,repo,user:email,workflow...
2025-07-20 07:20:20.388 [info] Got 0 sessions for read:user,repo,user:email,workflow...
2025-07-20 07:20:20.524 [info] Getting sessions for read:user,repo,user:email,workflow...
2025-07-20 07:20:20.524 [info] Got 0 sessions for read:user,repo,user:email,workflow...
2025-07-20 07:20:20.652 [info] Getting sessions for read:user,repo,user:email,workflow...
2025-07-20 07:20:20.652 [info] Got 0 sessions for read:user,repo,user:email,workflow...
2025-07-20 07:20:20.880 [info] Getting sessions for read:user,repo,user:email,workflow...
2025-07-20 07:20:20.880 [info] Got 0 sessions for read:user,repo,user:email,workflow...
2025-07-20 07:20:21.104 [info] Getting sessions for read:user,repo,user:email,workflow...
2025-07-20 07:20:21.104 [info] Got 0 sessions for read:user,repo,user:email,workflow...
2025-07-20 07:20:21.387 [info] Getting sessions for read:user,repo,user:email,workflow...
2025-07-20 07:20:21.387 [info] Got 0 sessions for read:user,repo,user:email,workflow...
2025-07-20 07:20:21.692 [info] Getting sessions for read:user,repo,user:email,workflow...
2025-07-20 07:20:21.692 [info] Got 0 sessions for read:user,repo,user:email,workflow...
2025-07-20 07:20:21.882 [info] Getting sessions for read:user,repo,user:email,workflow...
2025-07-20 07:20:21.882 [info] Got 0 sessions for read:user,repo,user:email,workflow...
2025-07-20 07:20:22.092 [info] Getting sessions for read:user,repo,user:email,workflow...
2025-07-20 07:20:22.092 [info] Got 0 sessions for read:user,repo,user:email,workflow...
2025-07-20 07:20:22.227 [info] Getting sessions for read:user,repo,user:email,workflow...
2025-07-20 07:20:22.227 [info] Got 0 sessions for read:user,repo,user:email,workflow...
2025-07-20 07:20:22.565 [info] Getting sessions for read:user,repo,user:email,workflow...
2025-07-20 07:20:22.565 [info] Got 0 sessions for read:user,repo,user:email,workflow...
2025-07-20 07:20:22.796 [info] Getting sessions for read:user,repo,user:email,workflow...
2025-07-20 07:20:22.796 [info] Got 0 sessions for read:user,repo,user:email,workflow...
2025-07-20 07:20:22.946 [info] Getting sessions for read:user,repo,user:email,workflow...
2025-07-20 07:20:22.946 [info] Got 0 sessions for read:user,repo,user:email,workflow...
2025-07-20 07:20:23.097 [info] Getting sessions for read:user,repo,user:email,workflow...
2025-07-20 07:20:23.097 [info] Got 0 sessions for read:user,repo,user:email,workflow...
2025-07-20 07:20:23.185 [info] Getting sessions for read:user,repo,user:email,workflow...
2025-07-20 07:20:23.185 [info] Got 0 sessions for read:user,repo,user:email,workflow...
2025-07-20 07:20:23.327 [info] Getting sessions for read:user,repo,user:email,workflow...
2025-07-20 07:20:23.327 [info] Got 0 sessions for read:user,repo,user:email,workflow...
