2025-07-14 12:02:45.847 [info] Reading sessions from keychain...
2025-07-14 12:02:45.847 [info] Getting sessions for all scopes...
2025-07-14 12:02:45.847 [info] Getting sessions for all scopes...
2025-07-14 12:02:45.847 [info] Got 0 sessions for ...
2025-07-14 12:02:45.847 [info] Got 0 sessions for ...
2025-07-14 12:02:45.847 [info] Getting sessions for read:user,repo,user:email,workflow...
2025-07-14 12:02:45.847 [info] Got 0 sessions for read:user,repo,user:email,workflow...
2025-07-14 12:02:45.847 [info] Getting sessions for all scopes...
2025-07-14 12:02:45.847 [info] Got 0 sessions for ...
2025-07-14 12:02:45.847 [info] Getting sessions for all scopes...
2025-07-14 12:02:45.847 [info] Got 0 sessions for ...
2025-07-14 12:02:45.958 [info] Getting sessions for read:user,repo,user:email,workflow...
2025-07-14 12:02:45.958 [info] Got 0 sessions for read:user,repo,user:email,workflow...
2025-07-14 12:02:47.104 [info] Getting sessions for read:user,repo,user:email,workflow...
2025-07-14 12:02:47.104 [info] Got 0 sessions for read:user,repo,user:email,workflow...
2025-07-14 12:02:49.246 [info] Getting sessions for read:user,repo,user:email,workflow...
2025-07-14 12:02:49.246 [info] Got 0 sessions for read:user,repo,user:email,workflow...
2025-07-14 12:17:21.794 [info] Getting sessions for read:user,repo,user:email,workflow...
2025-07-14 12:17:21.795 [info] Got 0 sessions for read:user,repo,user:email,workflow...
2025-07-14 12:17:22.018 [info] Getting sessions for read:user,repo,user:email,workflow...
2025-07-14 12:17:22.018 [info] Got 0 sessions for read:user,repo,user:email,workflow...
2025-07-14 12:17:22.224 [info] Getting sessions for read:user,repo,user:email,workflow...
2025-07-14 12:17:22.224 [info] Got 0 sessions for read:user,repo,user:email,workflow...
2025-07-14 12:17:22.504 [info] Getting sessions for read:user,repo,user:email,workflow...
2025-07-14 12:17:22.504 [info] Got 0 sessions for read:user,repo,user:email,workflow...
2025-07-14 12:17:22.785 [info] Getting sessions for read:user,repo,user:email,workflow...
2025-07-14 12:17:22.785 [info] Got 0 sessions for read:user,repo,user:email,workflow...
2025-07-14 12:17:23.133 [info] Getting sessions for read:user,repo,user:email,workflow...
2025-07-14 12:17:23.133 [info] Got 0 sessions for read:user,repo,user:email,workflow...
2025-07-14 12:17:23.355 [info] Getting sessions for read:user,repo,user:email,workflow...
2025-07-14 12:17:23.355 [info] Got 0 sessions for read:user,repo,user:email,workflow...
2025-07-14 12:17:23.588 [info] Getting sessions for read:user,repo,user:email,workflow...
2025-07-14 12:17:23.588 [info] Got 0 sessions for read:user,repo,user:email,workflow...
2025-07-14 12:17:23.714 [info] Getting sessions for read:user,repo,user:email,workflow...
2025-07-14 12:17:23.714 [info] Got 0 sessions for read:user,repo,user:email,workflow...
2025-07-14 12:17:23.941 [info] Getting sessions for read:user,repo,user:email,workflow...
2025-07-14 12:17:23.941 [info] Got 0 sessions for read:user,repo,user:email,workflow...
2025-07-14 12:17:24.159 [info] Getting sessions for read:user,repo,user:email,workflow...
2025-07-14 12:17:24.159 [info] Got 0 sessions for read:user,repo,user:email,workflow...
2025-07-14 12:17:24.404 [info] Getting sessions for read:user,repo,user:email,workflow...
2025-07-14 12:17:24.404 [info] Got 0 sessions for read:user,repo,user:email,workflow...
2025-07-14 12:17:24.622 [info] Getting sessions for read:user,repo,user:email,workflow...
2025-07-14 12:17:24.622 [info] Got 0 sessions for read:user,repo,user:email,workflow...
2025-07-14 12:17:24.874 [info] Getting sessions for read:user,repo,user:email,workflow...
2025-07-14 12:17:24.874 [info] Got 0 sessions for read:user,repo,user:email,workflow...
2025-07-14 12:17:25.152 [info] Getting sessions for read:user,repo,user:email,workflow...
2025-07-14 12:17:25.152 [info] Got 0 sessions for read:user,repo,user:email,workflow...
2025-07-14 12:17:25.298 [info] Getting sessions for read:user,repo,user:email,workflow...
2025-07-14 12:17:25.298 [info] Got 0 sessions for read:user,repo,user:email,workflow...
2025-07-14 12:17:25.496 [info] Getting sessions for read:user,repo,user:email,workflow...
2025-07-14 12:17:25.496 [info] Got 0 sessions for read:user,repo,user:email,workflow...
2025-07-14 12:17:25.688 [info] Getting sessions for read:user,repo,user:email,workflow...
2025-07-14 12:17:25.688 [info] Got 0 sessions for read:user,repo,user:email,workflow...
2025-07-14 12:17:25.921 [info] Getting sessions for read:user,repo,user:email,workflow...
2025-07-14 12:17:25.921 [info] Got 0 sessions for read:user,repo,user:email,workflow...
2025-07-14 12:17:26.127 [info] Getting sessions for read:user,repo,user:email,workflow...
2025-07-14 12:17:26.127 [info] Got 0 sessions for read:user,repo,user:email,workflow...
2025-07-14 12:17:26.443 [info] Getting sessions for read:user,repo,user:email,workflow...
2025-07-14 12:17:26.443 [info] Got 0 sessions for read:user,repo,user:email,workflow...
2025-07-14 12:17:26.661 [info] Getting sessions for read:user,repo,user:email,workflow...
2025-07-14 12:17:26.661 [info] Got 0 sessions for read:user,repo,user:email,workflow...
2025-07-14 12:17:26.925 [info] Getting sessions for read:user,repo,user:email,workflow...
2025-07-14 12:17:26.925 [info] Got 0 sessions for read:user,repo,user:email,workflow...
2025-07-14 12:17:27.176 [info] Getting sessions for read:user,repo,user:email,workflow...
2025-07-14 12:17:27.176 [info] Got 0 sessions for read:user,repo,user:email,workflow...
2025-07-14 12:17:27.449 [info] Getting sessions for read:user,repo,user:email,workflow...
2025-07-14 12:17:27.449 [info] Got 0 sessions for read:user,repo,user:email,workflow...
2025-07-14 12:17:27.582 [info] Getting sessions for read:user,repo,user:email,workflow...
2025-07-14 12:17:27.582 [info] Got 0 sessions for read:user,repo,user:email,workflow...
2025-07-14 12:17:27.862 [info] Getting sessions for read:user,repo,user:email,workflow...
2025-07-14 12:17:27.862 [info] Got 0 sessions for read:user,repo,user:email,workflow...
2025-07-14 12:17:27.990 [info] Getting sessions for read:user,repo,user:email,workflow...
2025-07-14 12:17:27.990 [info] Got 0 sessions for read:user,repo,user:email,workflow...
2025-07-14 12:17:28.165 [info] Getting sessions for read:user,repo,user:email,workflow...
2025-07-14 12:17:28.165 [info] Got 0 sessions for read:user,repo,user:email,workflow...
2025-07-14 12:17:28.403 [info] Getting sessions for read:user,repo,user:email,workflow...
2025-07-14 12:17:28.403 [info] Got 0 sessions for read:user,repo,user:email,workflow...
2025-07-14 12:17:28.503 [info] Getting sessions for read:user,repo,user:email,workflow...
2025-07-14 12:17:28.503 [info] Got 0 sessions for read:user,repo,user:email,workflow...
2025-07-14 12:17:28.634 [info] Getting sessions for read:user,repo,user:email,workflow...
2025-07-14 12:17:28.634 [info] Got 0 sessions for read:user,repo,user:email,workflow...
2025-07-14 12:17:29.098 [info] Getting sessions for read:user,repo,user:email,workflow...
2025-07-14 12:17:29.098 [info] Got 0 sessions for read:user,repo,user:email,workflow...
2025-07-14 12:17:29.486 [info] Getting sessions for read:user,repo,user:email,workflow...
2025-07-14 12:17:29.486 [info] Got 0 sessions for read:user,repo,user:email,workflow...
2025-07-14 12:17:29.819 [info] Getting sessions for read:user,repo,user:email,workflow...
2025-07-14 12:17:29.819 [info] Got 0 sessions for read:user,repo,user:email,workflow...
2025-07-14 12:17:30.242 [info] Getting sessions for read:user,repo,user:email,workflow...
2025-07-14 12:17:30.242 [info] Got 0 sessions for read:user,repo,user:email,workflow...
2025-07-14 12:17:30.421 [info] Getting sessions for read:user,repo,user:email,workflow...
2025-07-14 12:17:30.421 [info] Got 0 sessions for read:user,repo,user:email,workflow...
2025-07-14 12:17:30.703 [info] Getting sessions for read:user,repo,user:email,workflow...
2025-07-14 12:17:30.703 [info] Got 0 sessions for read:user,repo,user:email,workflow...
2025-07-14 12:17:30.926 [info] Getting sessions for read:user,repo,user:email,workflow...
2025-07-14 12:17:30.926 [info] Got 0 sessions for read:user,repo,user:email,workflow...
2025-07-14 12:17:31.565 [info] Getting sessions for read:user,repo,user:email,workflow...
2025-07-14 12:17:31.565 [info] Got 0 sessions for read:user,repo,user:email,workflow...
2025-07-14 12:28:12.619 [info] Getting sessions for read:user,repo,user:email,workflow...
2025-07-14 12:28:12.620 [info] Got 0 sessions for read:user,repo,user:email,workflow...
2025-07-14 12:28:16.499 [info] Getting sessions for read:user,repo,user:email,workflow...
2025-07-14 12:28:16.499 [info] Got 0 sessions for read:user,repo,user:email,workflow...
