2025-07-22 15:05:18.071 [info] Reading sessions from keychain...
2025-07-22 15:05:18.071 [info] Getting sessions for all scopes...
2025-07-22 15:05:18.071 [info] Got 0 sessions for ...
2025-07-22 15:05:18.071 [info] Getting sessions for all scopes...
2025-07-22 15:05:18.071 [info] Got 0 sessions for ...
2025-07-22 15:05:18.071 [info] Getting sessions for all scopes...
2025-07-22 15:05:18.071 [info] Got 0 sessions for ...
2025-07-22 15:05:18.071 [info] Getting sessions for read:user,repo,user:email,workflow...
2025-07-22 15:05:18.071 [info] Got 0 sessions for read:user,repo,user:email,workflow...
2025-07-22 15:05:18.071 [info] Getting sessions for all scopes...
2025-07-22 15:05:18.071 [info] Got 0 sessions for ...
2025-07-22 15:05:18.071 [info] Getting sessions for all scopes...
2025-07-22 15:05:18.071 [info] Got 0 sessions for ...
2025-07-22 15:05:18.071 [info] Getting sessions for all scopes...
2025-07-22 15:05:18.071 [info] Got 0 sessions for ...
2025-07-22 15:05:18.071 [info] Getting sessions for all scopes...
2025-07-22 15:05:18.071 [info] Got 0 sessions for ...
2025-07-22 15:05:18.071 [info] Getting sessions for read:user,repo,user:email,workflow...
2025-07-22 15:05:18.071 [info] Got 0 sessions for read:user,repo,user:email,workflow...
2025-07-22 15:05:19.004 [info] Getting sessions for read:user,repo,user:email,workflow...
2025-07-22 15:05:19.004 [info] Got 0 sessions for read:user,repo,user:email,workflow...
2025-07-22 15:05:20.315 [info] Getting sessions for read:user,repo,user:email,workflow...
2025-07-22 15:05:20.315 [info] Got 0 sessions for read:user,repo,user:email,workflow...
2025-07-22 15:11:58.033 [info] Getting sessions for read:user,repo,user:email,workflow...
2025-07-22 15:11:58.033 [info] Got 0 sessions for read:user,repo,user:email,workflow...
2025-07-22 15:12:05.193 [info] Getting sessions for read:user,repo,user:email,workflow...
2025-07-22 15:12:05.193 [info] Got 0 sessions for read:user,repo,user:email,workflow...
2025-07-22 15:26:19.564 [info] Getting sessions for read:user,repo,user:email,workflow...
2025-07-22 15:26:19.564 [info] Got 0 sessions for read:user,repo,user:email,workflow...
2025-07-22 15:26:19.680 [info] Getting sessions for read:user,repo,user:email,workflow...
2025-07-22 15:26:19.680 [info] Got 0 sessions for read:user,repo,user:email,workflow...
2025-07-22 15:26:19.784 [info] Getting sessions for read:user,repo,user:email,workflow...
2025-07-22 15:26:19.784 [info] Got 0 sessions for read:user,repo,user:email,workflow...
2025-07-22 15:26:19.931 [info] Getting sessions for read:user,repo,user:email,workflow...
2025-07-22 15:26:19.931 [info] Got 0 sessions for read:user,repo,user:email,workflow...
2025-07-22 15:26:20.027 [info] Getting sessions for read:user,repo,user:email,workflow...
2025-07-22 15:26:20.027 [info] Got 0 sessions for read:user,repo,user:email,workflow...
2025-07-22 15:26:20.184 [info] Getting sessions for read:user,repo,user:email,workflow...
2025-07-22 15:26:20.184 [info] Got 0 sessions for read:user,repo,user:email,workflow...
2025-07-22 15:26:20.328 [info] Getting sessions for read:user,repo,user:email,workflow...
2025-07-22 15:26:20.328 [info] Got 0 sessions for read:user,repo,user:email,workflow...
2025-07-22 15:26:20.493 [info] Getting sessions for read:user,repo,user:email,workflow...
2025-07-22 15:26:20.493 [info] Got 0 sessions for read:user,repo,user:email,workflow...
2025-07-22 15:26:20.636 [info] Getting sessions for read:user,repo,user:email,workflow...
2025-07-22 15:26:20.637 [info] Got 0 sessions for read:user,repo,user:email,workflow...
2025-07-22 15:26:20.801 [info] Getting sessions for read:user,repo,user:email,workflow...
2025-07-22 15:26:20.801 [info] Got 0 sessions for read:user,repo,user:email,workflow...
2025-07-22 15:26:20.974 [info] Getting sessions for read:user,repo,user:email,workflow...
2025-07-22 15:26:20.974 [info] Got 0 sessions for read:user,repo,user:email,workflow...
2025-07-22 15:26:21.113 [info] Getting sessions for read:user,repo,user:email,workflow...
2025-07-22 15:26:21.113 [info] Got 0 sessions for read:user,repo,user:email,workflow...
2025-07-22 15:26:21.218 [info] Getting sessions for read:user,repo,user:email,workflow...
2025-07-22 15:26:21.218 [info] Got 0 sessions for read:user,repo,user:email,workflow...
2025-07-22 15:26:21.361 [info] Getting sessions for read:user,repo,user:email,workflow...
2025-07-22 15:26:21.361 [info] Got 0 sessions for read:user,repo,user:email,workflow...
2025-07-22 15:26:21.476 [info] Getting sessions for read:user,repo,user:email,workflow...
2025-07-22 15:26:21.476 [info] Got 0 sessions for read:user,repo,user:email,workflow...
2025-07-22 15:26:21.636 [info] Getting sessions for read:user,repo,user:email,workflow...
2025-07-22 15:26:21.636 [info] Got 0 sessions for read:user,repo,user:email,workflow...
2025-07-22 15:26:21.766 [info] Getting sessions for read:user,repo,user:email,workflow...
2025-07-22 15:26:21.766 [info] Got 0 sessions for read:user,repo,user:email,workflow...
2025-07-22 15:26:21.879 [info] Getting sessions for read:user,repo,user:email,workflow...
2025-07-22 15:26:21.879 [info] Got 0 sessions for read:user,repo,user:email,workflow...
2025-07-22 15:26:21.971 [info] Getting sessions for read:user,repo,user:email,workflow...
2025-07-22 15:26:21.971 [info] Got 0 sessions for read:user,repo,user:email,workflow...
2025-07-22 15:26:22.089 [info] Getting sessions for read:user,repo,user:email,workflow...
2025-07-22 15:26:22.089 [info] Got 0 sessions for read:user,repo,user:email,workflow...
2025-07-22 15:26:22.253 [info] Getting sessions for read:user,repo,user:email,workflow...
2025-07-22 15:26:22.253 [info] Got 0 sessions for read:user,repo,user:email,workflow...
2025-07-22 15:26:22.429 [info] Getting sessions for read:user,repo,user:email,workflow...
2025-07-22 15:26:22.430 [info] Got 0 sessions for read:user,repo,user:email,workflow...
2025-07-22 15:26:22.534 [info] Getting sessions for read:user,repo,user:email,workflow...
2025-07-22 15:26:22.534 [info] Got 0 sessions for read:user,repo,user:email,workflow...
2025-07-22 15:26:22.626 [info] Getting sessions for read:user,repo,user:email,workflow...
2025-07-22 15:26:22.626 [info] Got 0 sessions for read:user,repo,user:email,workflow...
2025-07-22 15:26:22.706 [info] Getting sessions for read:user,repo,user:email,workflow...
2025-07-22 15:26:22.706 [info] Got 0 sessions for read:user,repo,user:email,workflow...
2025-07-22 15:26:22.818 [info] Getting sessions for read:user,repo,user:email,workflow...
2025-07-22 15:26:22.818 [info] Got 0 sessions for read:user,repo,user:email,workflow...
2025-07-22 15:26:22.949 [info] Getting sessions for read:user,repo,user:email,workflow...
2025-07-22 15:26:22.949 [info] Got 0 sessions for read:user,repo,user:email,workflow...
2025-07-22 15:26:23.071 [info] Getting sessions for read:user,repo,user:email,workflow...
2025-07-22 15:26:23.071 [info] Got 0 sessions for read:user,repo,user:email,workflow...
2025-07-22 15:26:23.149 [info] Getting sessions for read:user,repo,user:email,workflow...
2025-07-22 15:26:23.149 [info] Got 0 sessions for read:user,repo,user:email,workflow...
2025-07-22 15:26:23.322 [info] Getting sessions for read:user,repo,user:email,workflow...
2025-07-22 15:26:23.322 [info] Got 0 sessions for read:user,repo,user:email,workflow...
2025-07-22 15:26:23.438 [info] Getting sessions for read:user,repo,user:email,workflow...
2025-07-22 15:26:23.438 [info] Got 0 sessions for read:user,repo,user:email,workflow...
2025-07-22 15:26:23.601 [info] Getting sessions for read:user,repo,user:email,workflow...
2025-07-22 15:26:23.601 [info] Got 0 sessions for read:user,repo,user:email,workflow...
2025-07-22 15:26:23.771 [info] Getting sessions for read:user,repo,user:email,workflow...
2025-07-22 15:26:23.771 [info] Got 0 sessions for read:user,repo,user:email,workflow...
2025-07-22 15:26:23.944 [info] Getting sessions for read:user,repo,user:email,workflow...
2025-07-22 15:26:23.944 [info] Got 0 sessions for read:user,repo,user:email,workflow...
2025-07-22 15:26:24.104 [info] Getting sessions for read:user,repo,user:email,workflow...
2025-07-22 15:26:24.104 [info] Got 0 sessions for read:user,repo,user:email,workflow...
2025-07-22 15:26:24.241 [info] Getting sessions for read:user,repo,user:email,workflow...
2025-07-22 15:26:24.241 [info] Got 0 sessions for read:user,repo,user:email,workflow...
2025-07-22 15:26:24.390 [info] Getting sessions for read:user,repo,user:email,workflow...
2025-07-22 15:26:24.390 [info] Got 0 sessions for read:user,repo,user:email,workflow...
2025-07-22 15:26:24.520 [info] Getting sessions for read:user,repo,user:email,workflow...
2025-07-22 15:26:24.520 [info] Got 0 sessions for read:user,repo,user:email,workflow...
2025-07-22 15:26:24.705 [info] Getting sessions for read:user,repo,user:email,workflow...
2025-07-22 15:26:24.705 [info] Got 0 sessions for read:user,repo,user:email,workflow...
2025-07-22 15:26:24.848 [info] Getting sessions for read:user,repo,user:email,workflow...
2025-07-22 15:26:24.848 [info] Got 0 sessions for read:user,repo,user:email,workflow...
2025-07-22 15:26:25.029 [info] Getting sessions for read:user,repo,user:email,workflow...
2025-07-22 15:26:25.029 [info] Got 0 sessions for read:user,repo,user:email,workflow...
2025-07-22 15:26:25.191 [info] Getting sessions for read:user,repo,user:email,workflow...
2025-07-22 15:26:25.191 [info] Got 0 sessions for read:user,repo,user:email,workflow...
2025-07-22 15:26:25.362 [info] Getting sessions for read:user,repo,user:email,workflow...
2025-07-22 15:26:25.362 [info] Got 0 sessions for read:user,repo,user:email,workflow...
2025-07-22 15:26:25.551 [info] Getting sessions for read:user,repo,user:email,workflow...
2025-07-22 15:26:25.551 [info] Got 0 sessions for read:user,repo,user:email,workflow...
2025-07-22 15:26:25.689 [info] Getting sessions for read:user,repo,user:email,workflow...
2025-07-22 15:26:25.689 [info] Got 0 sessions for read:user,repo,user:email,workflow...
2025-07-22 15:26:25.857 [info] Getting sessions for read:user,repo,user:email,workflow...
2025-07-22 15:26:25.857 [info] Got 0 sessions for read:user,repo,user:email,workflow...
2025-07-22 15:26:26.064 [info] Getting sessions for read:user,repo,user:email,workflow...
2025-07-22 15:26:26.064 [info] Got 0 sessions for read:user,repo,user:email,workflow...
2025-07-22 15:26:26.327 [info] Getting sessions for read:user,repo,user:email,workflow...
2025-07-22 15:26:26.327 [info] Got 0 sessions for read:user,repo,user:email,workflow...
2025-07-22 15:26:26.555 [info] Getting sessions for read:user,repo,user:email,workflow...
2025-07-22 15:26:26.555 [info] Got 0 sessions for read:user,repo,user:email,workflow...
2025-07-22 15:26:26.753 [info] Getting sessions for read:user,repo,user:email,workflow...
2025-07-22 15:26:26.753 [info] Got 0 sessions for read:user,repo,user:email,workflow...
2025-07-22 15:26:27.033 [info] Getting sessions for read:user,repo,user:email,workflow...
2025-07-22 15:26:27.033 [info] Got 0 sessions for read:user,repo,user:email,workflow...
2025-07-22 15:26:27.264 [info] Getting sessions for read:user,repo,user:email,workflow...
2025-07-22 15:26:27.264 [info] Got 0 sessions for read:user,repo,user:email,workflow...
2025-07-22 15:26:27.668 [info] Getting sessions for read:user,repo,user:email,workflow...
2025-07-22 15:26:27.668 [info] Got 0 sessions for read:user,repo,user:email,workflow...
2025-07-22 15:26:28.085 [info] Getting sessions for read:user,repo,user:email,workflow...
2025-07-22 15:26:28.085 [info] Got 0 sessions for read:user,repo,user:email,workflow...
2025-07-22 15:26:28.313 [info] Getting sessions for read:user,repo,user:email,workflow...
2025-07-22 15:26:28.313 [info] Got 0 sessions for read:user,repo,user:email,workflow...
2025-07-22 15:26:28.569 [info] Getting sessions for read:user,repo,user:email,workflow...
2025-07-22 15:26:28.569 [info] Got 0 sessions for read:user,repo,user:email,workflow...
2025-07-22 15:26:28.701 [info] Getting sessions for read:user,repo,user:email,workflow...
2025-07-22 15:26:28.701 [info] Got 0 sessions for read:user,repo,user:email,workflow...
2025-07-22 15:26:29.018 [info] Getting sessions for read:user,repo,user:email,workflow...
2025-07-22 15:26:29.018 [info] Got 0 sessions for read:user,repo,user:email,workflow...
2025-07-22 15:26:29.094 [info] Getting sessions for read:user,repo,user:email,workflow...
2025-07-22 15:26:29.094 [info] Got 0 sessions for read:user,repo,user:email,workflow...
2025-07-22 15:26:29.095 [info] Getting sessions for read:user,repo,user:email,workflow...
2025-07-22 15:26:29.095 [info] Got 0 sessions for read:user,repo,user:email,workflow...
2025-07-22 15:26:29.096 [info] Getting sessions for read:user,repo,user:email,workflow...
2025-07-22 15:26:29.096 [info] Got 0 sessions for read:user,repo,user:email,workflow...
2025-07-22 15:26:29.102 [info] Getting sessions for read:user,repo,user:email,workflow...
2025-07-22 15:26:29.102 [info] Got 0 sessions for read:user,repo,user:email,workflow...
2025-07-22 15:26:29.104 [info] Getting sessions for read:user,repo,user:email,workflow...
2025-07-22 15:26:29.104 [info] Got 0 sessions for read:user,repo,user:email,workflow...
2025-07-22 15:26:29.105 [info] Getting sessions for read:user,repo,user:email,workflow...
2025-07-22 15:26:29.105 [info] Got 0 sessions for read:user,repo,user:email,workflow...
2025-07-22 15:26:29.106 [info] Getting sessions for read:user,repo,user:email,workflow...
2025-07-22 15:26:29.106 [info] Got 0 sessions for read:user,repo,user:email,workflow...
2025-07-22 15:26:29.107 [info] Getting sessions for read:user,repo,user:email,workflow...
2025-07-22 15:26:29.107 [info] Got 0 sessions for read:user,repo,user:email,workflow...
2025-07-22 15:26:29.108 [info] Getting sessions for read:user,repo,user:email,workflow...
2025-07-22 15:26:29.108 [info] Got 0 sessions for read:user,repo,user:email,workflow...
2025-07-22 15:26:29.108 [info] Getting sessions for read:user,repo,user:email,workflow...
2025-07-22 15:26:29.109 [info] Got 0 sessions for read:user,repo,user:email,workflow...
2025-07-22 15:26:29.109 [info] Getting sessions for read:user,repo,user:email,workflow...
2025-07-22 15:26:29.109 [info] Got 0 sessions for read:user,repo,user:email,workflow...
2025-07-22 15:26:29.110 [info] Getting sessions for read:user,repo,user:email,workflow...
2025-07-22 15:26:29.110 [info] Got 0 sessions for read:user,repo,user:email,workflow...
2025-07-22 15:26:29.111 [info] Getting sessions for read:user,repo,user:email,workflow...
2025-07-22 15:26:29.111 [info] Got 0 sessions for read:user,repo,user:email,workflow...
2025-07-22 15:26:29.112 [info] Getting sessions for read:user,repo,user:email,workflow...
2025-07-22 15:26:29.112 [info] Got 0 sessions for read:user,repo,user:email,workflow...
2025-07-22 15:26:29.113 [info] Getting sessions for read:user,repo,user:email,workflow...
2025-07-22 15:26:29.113 [info] Got 0 sessions for read:user,repo,user:email,workflow...
2025-07-22 15:26:29.114 [info] Getting sessions for read:user,repo,user:email,workflow...
2025-07-22 15:26:29.114 [info] Got 0 sessions for read:user,repo,user:email,workflow...
2025-07-22 15:26:29.115 [info] Getting sessions for read:user,repo,user:email,workflow...
2025-07-22 15:26:29.115 [info] Got 0 sessions for read:user,repo,user:email,workflow...
2025-07-22 15:26:29.116 [info] Getting sessions for read:user,repo,user:email,workflow...
2025-07-22 15:26:29.116 [info] Got 0 sessions for read:user,repo,user:email,workflow...
2025-07-22 15:26:29.117 [info] Getting sessions for read:user,repo,user:email,workflow...
2025-07-22 15:26:29.117 [info] Got 0 sessions for read:user,repo,user:email,workflow...
2025-07-22 15:26:29.118 [info] Getting sessions for read:user,repo,user:email,workflow...
2025-07-22 15:26:29.118 [info] Got 0 sessions for read:user,repo,user:email,workflow...
2025-07-22 15:26:29.119 [info] Getting sessions for read:user,repo,user:email,workflow...
2025-07-22 15:26:29.119 [info] Got 0 sessions for read:user,repo,user:email,workflow...
2025-07-22 15:26:29.120 [info] Getting sessions for read:user,repo,user:email,workflow...
2025-07-22 15:26:29.120 [info] Got 0 sessions for read:user,repo,user:email,workflow...
2025-07-22 15:26:29.121 [info] Getting sessions for read:user,repo,user:email,workflow...
2025-07-22 15:26:29.121 [info] Got 0 sessions for read:user,repo,user:email,workflow...
2025-07-22 15:26:29.122 [info] Getting sessions for read:user,repo,user:email,workflow...
2025-07-22 15:26:29.122 [info] Got 0 sessions for read:user,repo,user:email,workflow...
2025-07-22 15:26:29.123 [info] Getting sessions for read:user,repo,user:email,workflow...
2025-07-22 15:26:29.123 [info] Got 0 sessions for read:user,repo,user:email,workflow...
2025-07-22 15:26:29.124 [info] Getting sessions for read:user,repo,user:email,workflow...
2025-07-22 15:26:29.124 [info] Got 0 sessions for read:user,repo,user:email,workflow...
2025-07-22 15:26:29.125 [info] Getting sessions for read:user,repo,user:email,workflow...
2025-07-22 15:26:29.125 [info] Got 0 sessions for read:user,repo,user:email,workflow...
2025-07-22 15:26:29.126 [info] Getting sessions for read:user,repo,user:email,workflow...
2025-07-22 15:26:29.126 [info] Got 0 sessions for read:user,repo,user:email,workflow...
2025-07-22 15:35:19.260 [info] Getting sessions for read:user,repo,user:email,workflow...
2025-07-22 15:35:19.260 [info] Got 0 sessions for read:user,repo,user:email,workflow...
